2026-02-11 22:09:41,815 - INFO - Starting batch flight data collection
2026-02-11 22:09:41,815 - INFO - Successfully authenticated with Amadeus API
2026-02-11 22:09:41,815 - INFO - Collecting flight data for 31 days
2026-02-11 22:09:41,815 - INFO - Using 14 airport pairs
2026-02-11 22:09:41,815 - INFO - Processing date: 2026-03-01
2026-02-11 22:09:41,815 - INFO - Searching flights from JFK to LAX on 2026-03-01
2026-02-11 22:09:45,977 - INFO - Successfully retrieved flight offers for JFK to LAX
2026-02-11 22:09:46,083 - INFO - Searching flights from LAX to JFK on 2026-03-01
2026-02-11 22:09:49,216 - INFO - Successfully retrieved flight offers for LAX to JFK
2026-02-11 22:09:49,322 - INFO - Searching flights from ORD to LAX on 2026-03-01
2026-02-11 22:09:53,012 - INFO - Successfully retrieved flight offers for ORD to LAX
2026-02-11 22:09:53,118 - INFO - Searching flights from LAX to ORD on 2026-03-01
2026-02-11 22:09:56,497 - INFO - Successfully retrieved flight offers for LAX to ORD
2026-02-11 22:09:56,602 - INFO - Searching flights from JFK to LHR on 2026-03-01
2026-02-11 22:10:01,165 - INFO - Successfully retrieved flight offers for JFK to LHR
2026-02-11 22:10:01,268 - INFO - Searching flights from LHR to JFK on 2026-03-01
2026-02-11 22:10:07,062 - INFO - Successfully retrieved flight offers for LHR to JFK
2026-02-11 22:10:07,168 - INFO - Searching flights from ORD to JFK on 2026-03-01
2026-02-11 22:10:10,185 - INFO - Successfully retrieved flight offers for ORD to JFK
2026-02-11 22:10:10,287 - INFO - Searching flights from JFK to ORD on 2026-03-01
2026-02-11 22:10:12,882 - INFO - Successfully retrieved flight offers for JFK to ORD
2026-02-11 22:10:12,983 - INFO - Searching flights from LAX to LHR on 2026-03-01
2026-02-11 22:10:18,360 - INFO - Successfully retrieved flight offers for LAX to LHR
2026-02-11 22:10:18,467 - INFO - Searching flights from LHR to LAX on 2026-03-01
2026-02-11 22:10:25,973 - INFO - Successfully retrieved flight offers for LHR to LAX
2026-02-11 22:10:26,079 - INFO - Searching flights from ATL to DFW on 2026-03-01
2026-02-11 22:10:28,946 - INFO - Successfully retrieved flight offers for ATL to DFW
2026-02-11 22:10:29,052 - INFO - Searching flights from DFW to ATL on 2026-03-01
2026-02-11 22:10:32,208 - INFO - Successfully retrieved flight offers for DFW to ATL
2026-02-11 22:10:32,316 - INFO - Searching flights from SFO to LAX on 2026-03-01
2026-02-11 22:10:35,553 - INFO - Successfully retrieved flight offers for SFO to LAX
2026-02-11 22:10:35,659 - INFO - Searching flights from LAX to SFO on 2026-03-01
2026-02-11 22:10:39,351 - INFO - Successfully retrieved flight offers for LAX to SFO
2026-02-11 22:10:39,456 - INFO - Processing date: 2026-03-02
2026-02-11 22:10:39,457 - INFO - Searching flights from JFK to LAX on 2026-03-02
2026-02-11 22:10:42,913 - INFO - Successfully retrieved flight offers for JFK to LAX
2026-02-11 22:10:43,018 - INFO - Searching flights from LAX to JFK on 2026-03-02
2026-02-11 22:10:46,835 - INFO - Successfully retrieved flight offers for LAX to JFK
2026-02-11 22:10:46,941 - INFO - Searching flights from ORD to LAX on 2026-03-02
2026-02-11 22:10:54,277 - INFO - Successfully retrieved flight offers for ORD to LAX
2026-02-11 22:10:54,382 - INFO - Searching flights from LAX to ORD on 2026-03-02
2026-02-11 22:10:58,351 - INFO - Successfully retrieved flight offers for LAX to ORD
2026-02-11 22:10:58,457 - INFO - Searching flights from JFK to LHR on 2026-03-02
2026-02-11 22:11:03,146 - INFO - Successfully retrieved flight offers for JFK to LHR
2026-02-11 22:11:03,253 - INFO - Searching flights from LHR to JFK on 2026-03-02
2026-02-11 22:11:09,117 - INFO - Successfully retrieved flight offers for LHR to JFK
2026-02-11 22:11:09,221 - INFO - Searching flights from ORD to JFK on 2026-03-02
2026-02-11 22:11:11,934 - INFO - Successfully retrieved flight offers for ORD to JFK
2026-02-11 22:11:12,041 - INFO - Searching flights from JFK to ORD on 2026-03-02
2026-02-11 22:11:14,902 - INFO - Successfully retrieved flight offers for JFK to ORD
2026-02-11 22:11:15,006 - INFO - Searching flights from LAX to LHR on 2026-03-02
2026-02-11 22:11:19,925 - INFO - Successfully retrieved flight offers for LAX to LHR
2026-02-11 22:11:20,031 - INFO - Searching flights from LHR to LAX on 2026-03-02
2026-02-11 22:11:29,757 - INFO - Successfully retrieved flight offers for LHR to LAX
2026-02-11 22:11:29,865 - INFO - Searching flights from ATL to DFW on 2026-03-02
2026-02-11 22:11:32,520 - INFO - Successfully retrieved flight offers for ATL to DFW
2026-02-11 22:11:32,625 - INFO - Searching flights from DFW to ATL on 2026-03-02
2026-02-11 22:11:35,830 - INFO - Successfully retrieved flight offers for DFW to ATL
2026-02-11 22:11:35,937 - INFO - Searching flights from SFO to LAX on 2026-03-02
2026-02-11 22:11:39,123 - INFO - Successfully retrieved flight offers for SFO to LAX
2026-02-11 22:11:39,228 - INFO - Searching flights from LAX to SFO on 2026-03-02
2026-02-11 22:11:42,821 - INFO - Successfully retrieved flight offers for LAX to SFO
2026-02-11 22:11:42,927 - INFO - Processing date: 2026-03-03
2026-02-11 22:11:42,927 - INFO - Searching flights from JFK to LAX on 2026-03-03
2026-02-11 22:11:46,780 - INFO - Successfully retrieved flight offers for JFK to LAX
2026-02-11 22:11:46,883 - INFO - Searching flights from LAX to JFK on 2026-03-03
2026-02-11 22:11:50,644 - INFO - Successfully retrieved flight offers for LAX to JFK
2026-02-11 22:11:50,750 - INFO - Searching flights from ORD to LAX on 2026-03-03
2026-02-11 22:11:57,848 - INFO - Successfully retrieved flight offers for ORD to LAX
2026-02-11 22:11:57,954 - INFO - Searching flights from LAX to ORD on 2026-03-03
2026-02-11 22:12:01,404 - INFO - Successfully retrieved flight offers for LAX to ORD
2026-02-11 22:12:01,510 - INFO - Searching flights from JFK to LHR on 2026-03-03
2026-02-11 22:12:06,366 - INFO - Successfully retrieved flight offers for JFK to LHR
2026-02-11 22:12:06,473 - INFO - Searching flights from LHR to JFK on 2026-03-03
2026-02-11 22:12:12,395 - INFO - Successfully retrieved flight offers for LHR to JFK
2026-02-11 22:12:12,499 - INFO - Searching flights from ORD to JFK on 2026-03-03
2026-02-11 22:12:15,010 - INFO - Successfully retrieved flight offers for ORD to JFK
2026-02-11 22:12:15,116 - INFO - Searching flights from JFK to ORD on 2026-03-03
2026-02-11 22:12:17,838 - INFO - Successfully retrieved flight offers for JFK to ORD
2026-02-11 22:12:17,942 - INFO - Searching flights from LAX to LHR on 2026-03-03
2026-02-11 22:12:22,953 - INFO - Successfully retrieved flight offers for LAX to LHR
2026-02-11 22:12:23,059 - INFO - Searching flights from LHR to LAX on 2026-03-03
2026-02-11 22:12:32,470 - INFO - Successfully retrieved flight offers for LHR to LAX
2026-02-11 22:12:32,577 - INFO - Searching flights from ATL to DFW on 2026-03-03
2026-02-11 22:12:35,526 - INFO - Successfully retrieved flight offers for ATL to DFW
2026-02-11 22:12:35,633 - INFO - Searching flights from DFW to ATL on 2026-03-03
2026-02-11 22:12:38,038 - INFO - Successfully retrieved flight offers for DFW to ATL
2026-02-11 22:12:38,141 - INFO - Searching flights from SFO to LAX on 2026-03-03
2026-02-11 22:12:42,015 - INFO - Successfully retrieved flight offers for SFO to LAX
2026-02-11 22:12:42,118 - INFO - Searching flights from LAX to SFO on 2026-03-03
2026-02-11 22:12:45,452 - INFO - Successfully retrieved flight offers for LAX to SFO
2026-02-11 22:12:45,558 - INFO - Processing date: 2026-03-04
2026-02-11 22:12:45,558 - INFO - Searching flights from JFK to LAX on 2026-03-04
2026-02-11 22:12:49,087 - INFO - Successfully retrieved flight offers for JFK to LAX
2026-02-11 22:12:49,194 - INFO - Searching flights from LAX to JFK on 2026-03-04
2026-02-11 22:12:52,857 - INFO - Successfully retrieved flight offers for LAX to JFK
2026-02-11 22:12:52,963 - INFO - Searching flights from ORD to LAX on 2026-03-04
2026-02-11 22:13:00,398 - INFO - Successfully retrieved flight offers for ORD to LAX
2026-02-11 22:13:00,505 - INFO - Searching flights from LAX to ORD on 2026-03-04
2026-02-11 22:13:03,974 - INFO - Successfully retrieved flight offers for LAX to ORD
2026-02-11 22:13:04,078 - INFO - Searching flights from JFK to LHR on 2026-03-04
2026-02-11 22:13:09,019 - INFO - Successfully retrieved flight offers for JFK to LHR
2026-02-11 22:13:09,123 - INFO - Searching flights from LHR to JFK on 2026-03-04
2026-02-11 22:13:16,425 - INFO - Successfully retrieved flight offers for LHR to JFK
2026-02-11 22:13:16,532 - INFO - Searching flights from ORD to JFK on 2026-03-04
2026-02-11 22:13:19,136 - INFO - Successfully retrieved flight offers for ORD to JFK
2026-02-11 22:13:19,239 - INFO - Searching flights from JFK to ORD on 2026-03-04
2026-02-11 22:13:22,230 - INFO - Successfully retrieved flight offers for JFK to ORD
2026-02-11 22:13:22,335 - INFO - Searching flights from LAX to LHR on 2026-03-04
2026-02-11 22:13:27,573 - INFO - Successfully retrieved flight offers for LAX to LHR
2026-02-11 22:13:27,679 - INFO - Searching flights from LHR to LAX on 2026-03-04
2026-02-11 22:13:34,688 - INFO - Successfully retrieved flight offers for LHR to LAX
2026-02-11 22:13:34,795 - INFO - Searching flights from ATL to DFW on 2026-03-04
2026-02-11 22:13:37,829 - INFO - Successfully retrieved flight offers for ATL to DFW
2026-02-11 22:13:37,935 - INFO - Searching flights from DFW to ATL on 2026-03-04
2026-02-11 22:13:40,610 - INFO - Successfully retrieved flight offers for DFW to ATL
2026-02-11 22:13:40,715 - INFO - Searching flights from SFO to LAX on 2026-03-04
2026-02-11 22:13:44,447 - INFO - Successfully retrieved flight offers for SFO to LAX
2026-02-11 22:13:44,552 - INFO - Searching flights from LAX to SFO on 2026-03-04
2026-02-11 22:13:47,858 - INFO - Successfully retrieved flight offers for LAX to SFO
2026-02-11 22:13:47,964 - INFO - Processing date: 2026-03-05
2026-02-11 22:13:47,965 - INFO - Searching flights from JFK to LAX on 2026-03-05
2026-02-11 22:13:51,391 - INFO - Successfully retrieved flight offers for JFK to LAX
2026-02-11 22:13:51,497 - INFO - Searching flights from LAX to JFK on 2026-03-05
2026-02-11 22:13:55,500 - INFO - Successfully retrieved flight offers for LAX to JFK
2026-02-11 22:13:55,606 - INFO - Searching flights from ORD to LAX on 2026-03-05
2026-02-11 22:14:02,830 - INFO - Successfully retrieved flight offers for ORD to LAX
2026-02-11 22:14:02,932 - INFO - Searching flights from LAX to ORD on 2026-03-05
2026-02-11 22:14:06,716 - INFO - Successfully retrieved flight offers for LAX to ORD
2026-02-11 22:14:06,822 - INFO - Searching flights from JFK to LHR on 2026-03-05
2026-02-11 22:14:12,583 - INFO - Successfully retrieved flight offers for JFK to LHR
2026-02-11 22:14:12,686 - INFO - Searching flights from LHR to JFK on 2026-03-05
2026-02-11 22:14:19,446 - INFO - Successfully retrieved flight offers for LHR to JFK
2026-02-11 22:14:19,551 - INFO - Searching flights from ORD to JFK on 2026-03-05
2026-02-11 22:14:22,434 - INFO - Successfully retrieved flight offers for ORD to JFK
2026-02-11 22:14:22,541 - INFO - Searching flights from JFK to ORD on 2026-03-05
2026-02-11 22:14:25,275 - INFO - Successfully retrieved flight offers for JFK to ORD
2026-02-11 22:14:25,380 - INFO - Searching flights from LAX to LHR on 2026-03-05
2026-02-11 22:14:30,226 - INFO - Successfully retrieved flight offers for LAX to LHR
2026-02-11 22:14:30,328 - INFO - Searching flights from LHR to LAX on 2026-03-05
2026-02-11 22:14:37,504 - INFO - Successfully retrieved flight offers for LHR to LAX
2026-02-11 22:14:37,611 - INFO - Searching flights from ATL to DFW on 2026-03-05
2026-02-11 22:14:40,804 - INFO - Successfully retrieved flight offers for ATL to DFW
2026-02-11 22:14:40,910 - INFO - Searching flights from DFW to ATL on 2026-03-05
2026-02-11 22:14:44,285 - INFO - Successfully retrieved flight offers for DFW to ATL
2026-02-11 22:14:44,387 - INFO - Searching flights from SFO to LAX on 2026-03-05
2026-02-11 22:14:48,298 - INFO - Successfully retrieved flight offers for SFO to LAX
2026-02-11 22:14:48,402 - INFO - Searching flights from LAX to SFO on 2026-03-05
2026-02-11 22:14:52,405 - INFO - Successfully retrieved flight offers for LAX to SFO
2026-02-11 22:14:52,510 - INFO - Processing date: 2026-03-06
2026-02-11 22:14:52,510 - INFO - Searching flights from JFK to LAX on 2026-03-06
2026-02-11 22:14:57,093 - INFO - Successfully retrieved flight offers for JFK to LAX
2026-02-11 22:14:57,197 - INFO - Searching flights from LAX to JFK on 2026-03-06
2026-02-11 22:15:00,907 - INFO - Successfully retrieved flight offers for LAX to JFK
2026-02-11 22:15:01,014 - INFO - Searching flights from ORD to LAX on 2026-03-06
2026-02-11 22:15:08,695 - INFO - Successfully retrieved flight offers for ORD to LAX
2026-02-11 22:15:08,802 - INFO - Searching flights from LAX to ORD on 2026-03-06
2026-02-11 22:15:12,554 - INFO - Successfully retrieved flight offers for LAX to ORD
2026-02-11 22:15:12,657 - INFO - Searching flights from JFK to LHR on 2026-03-06
2026-02-11 22:15:17,337 - INFO - Successfully retrieved flight offers for JFK to LHR
2026-02-11 22:15:17,441 - INFO - Searching flights from LHR to JFK on 2026-03-06
2026-02-11 22:15:23,858 - INFO - Successfully retrieved flight offers for LHR to JFK
2026-02-11 22:15:23,964 - INFO - Searching flights from ORD to JFK on 2026-03-06
2026-02-11 22:15:26,386 - INFO - Successfully retrieved flight offers for ORD to JFK
2026-02-11 22:15:26,493 - INFO - Searching flights from JFK to ORD on 2026-03-06
2026-02-11 22:15:29,383 - INFO - Successfully retrieved flight offers for JFK to ORD
2026-02-11 22:15:29,489 - INFO - Searching flights from LAX to LHR on 2026-03-06
2026-02-11 22:15:34,250 - INFO - Successfully retrieved flight offers for LAX to LHR
2026-02-11 22:15:34,356 - INFO - Searching flights from LHR to LAX on 2026-03-06
2026-02-11 22:15:43,308 - INFO - Successfully retrieved flight offers for LHR to LAX
2026-02-11 22:15:43,414 - INFO - Searching flights from ATL to DFW on 2026-03-06
2026-02-11 22:15:46,947 - INFO - Successfully retrieved flight offers for ATL to DFW
2026-02-11 22:15:47,051 - INFO - Searching flights from DFW to ATL on 2026-03-06
2026-02-11 22:15:50,167 - INFO - Successfully retrieved flight offers for DFW to ATL
2026-02-11 22:15:50,273 - INFO - Searching flights from SFO to LAX on 2026-03-06
2026-02-11 22:15:53,673 - INFO - Successfully retrieved flight offers for SFO to LAX
2026-02-11 22:15:53,779 - INFO - Searching flights from LAX to SFO on 2026-03-06
2026-02-11 22:15:57,097 - INFO - Successfully retrieved flight offers for LAX to SFO
2026-02-11 22:15:57,204 - INFO - Processing date: 2026-03-07
2026-02-11 22:15:57,204 - INFO - Searching flights from JFK to LAX on 2026-03-07
2026-02-11 22:16:01,353 - INFO - Successfully retrieved flight offers for JFK to LAX
2026-02-11 22:16:01,459 - INFO - Searching flights from LAX to JFK on 2026-03-07
2026-02-11 22:16:05,350 - INFO - Successfully retrieved flight offers for LAX to JFK
2026-02-11 22:16:05,457 - INFO - Searching flights from ORD to LAX on 2026-03-07
2026-02-11 22:16:12,764 - INFO - Successfully retrieved flight offers for ORD to LAX
2026-02-11 22:16:12,870 - INFO - Searching flights from LAX to ORD on 2026-03-07
2026-02-11 22:16:16,795 - INFO - Successfully retrieved flight offers for LAX to ORD
2026-02-11 22:16:16,899 - INFO - Searching flights from JFK to LHR on 2026-03-07
2026-02-11 22:16:20,865 - INFO - Successfully retrieved flight offers for JFK to LHR
2026-02-11 22:16:20,972 - INFO - Searching flights from LHR to JFK on 2026-03-07
2026-02-11 22:16:27,491 - INFO - Successfully retrieved flight offers for LHR to JFK
2026-02-11 22:16:27,594 - INFO - Searching flights from ORD to JFK on 2026-03-07
2026-02-11 22:16:30,077 - INFO - Successfully retrieved flight offers for ORD to JFK
2026-02-11 22:16:30,183 - INFO - Searching flights from JFK to ORD on 2026-03-07
2026-02-11 22:16:32,364 - INFO - Successfully retrieved flight offers for JFK to ORD
2026-02-11 22:16:32,470 - INFO - Searching flights from LAX to LHR on 2026-03-07
2026-02-11 22:16:36,832 - INFO - Successfully retrieved flight offers for LAX to LHR
2026-02-11 22:16:36,935 - INFO - Searching flights from LHR to LAX on 2026-03-07
2026-02-11 22:16:44,422 - INFO - Successfully retrieved flight offers for LHR to LAX
2026-02-11 22:16:44,530 - INFO - Searching flights from ATL to DFW on 2026-03-07
2026-02-11 22:16:47,819 - INFO - Successfully retrieved flight offers for ATL to DFW
2026-02-11 22:16:47,923 - INFO - Searching flights from DFW to ATL on 2026-03-07
2026-02-11 22:16:51,802 - INFO - Successfully retrieved flight offers for DFW to ATL
2026-02-11 22:16:51,907 - INFO - Searching flights from SFO to LAX on 2026-03-07
2026-02-11 22:16:55,572 - INFO - Successfully retrieved flight offers for SFO to LAX
2026-02-11 22:16:55,678 - INFO - Searching flights from LAX to SFO on 2026-03-07
2026-02-11 22:16:59,583 - INFO - Successfully retrieved flight offers for LAX to SFO
2026-02-11 22:16:59,687 - INFO - Processing date: 2026-03-08
2026-02-11 22:16:59,687 - INFO - Searching flights from JFK to LAX on 2026-03-08
2026-02-11 22:17:03,590 - INFO - Successfully retrieved flight offers for JFK to LAX
2026-02-11 22:17:03,693 - INFO - Searching flights from LAX to JFK on 2026-03-08
2026-02-11 22:17:07,276 - INFO - Successfully retrieved flight offers for LAX to JFK
2026-02-11 22:17:07,383 - INFO - Searching flights from ORD to LAX on 2026-03-08
2026-02-11 22:17:14,638 - INFO - Successfully retrieved flight offers for ORD to LAX
2026-02-11 22:17:14,741 - INFO - Searching flights from LAX to ORD on 2026-03-08
2026-02-11 22:17:18,148 - INFO - Successfully retrieved flight offers for LAX to ORD
2026-02-11 22:17:18,253 - INFO - Searching flights from JFK to LHR on 2026-03-08
2026-02-11 22:17:22,924 - INFO - Successfully retrieved flight offers for JFK to LHR
2026-02-11 22:17:23,028 - INFO - Searching flights from LHR to JFK on 2026-03-08
2026-02-11 22:17:28,970 - INFO - Successfully retrieved flight offers for LHR to JFK
2026-02-11 22:17:29,076 - INFO - Searching flights from ORD to JFK on 2026-03-08
2026-02-11 22:17:31,669 - INFO - Successfully retrieved flight offers for ORD to JFK
2026-02-11 22:17:31,771 - INFO - Searching flights from JFK to ORD on 2026-03-08
2026-02-11 22:17:34,603 - INFO - Successfully retrieved flight offers for JFK to ORD
2026-02-11 22:17:34,708 - INFO - Searching flights from LAX to LHR on 2026-03-08
2026-02-11 22:17:43,123 - INFO - Successfully retrieved flight offers for LAX to LHR
2026-02-11 22:17:43,225 - INFO - Searching flights from LHR to LAX on 2026-03-08
2026-02-11 22:17:50,068 - INFO - Successfully retrieved flight offers for LHR to LAX
2026-02-11 22:17:50,174 - INFO - Searching flights from ATL to DFW on 2026-03-08
2026-02-11 22:17:53,650 - INFO - Successfully retrieved flight offers for ATL to DFW
2026-02-11 22:17:53,752 - INFO - Searching flights from DFW to ATL on 2026-03-08
2026-02-11 22:17:56,740 - INFO - Successfully retrieved flight offers for DFW to ATL
2026-02-11 22:17:56,844 - INFO - Searching flights from SFO to LAX on 2026-03-08
2026-02-11 22:18:00,615 - INFO - Successfully retrieved flight offers for SFO to LAX
2026-02-11 22:18:00,722 - INFO - Searching flights from LAX to SFO on 2026-03-08
2026-02-11 22:18:03,993 - INFO - Successfully retrieved flight offers for LAX to SFO
2026-02-11 22:18:04,098 - INFO - Processing date: 2026-03-09
2026-02-11 22:18:04,099 - INFO - Searching flights from JFK to LAX on 2026-03-09
2026-02-11 22:18:07,659 - INFO - Successfully retrieved flight offers for JFK to LAX
2026-02-11 22:18:07,764 - INFO - Searching flights from LAX to JFK on 2026-03-09
2026-02-11 22:18:11,437 - INFO - Successfully retrieved flight offers for LAX to JFK
2026-02-11 22:18:11,542 - INFO - Searching flights from ORD to LAX on 2026-03-09
2026-02-11 22:49:28,113 - INFO - Starting batch flight data collection
2026-02-11 22:49:28,113 - INFO - Successfully authenticated with Amadeus API
2026-02-11 22:49:28,113 - INFO - Collecting flight data for 31 days
2026-02-11 22:49:28,113 - INFO - Using 14 airport pairs
2026-02-11 22:49:28,114 - INFO - Processing date: 2026-03-01
2026-02-11 22:49:28,114 - INFO - Searching flights from JFK to LAX on 2026-03-01
2026-02-11 22:49:32,611 - INFO - Successfully retrieved flight offers for JFK to LAX
2026-02-11 22:49:32,716 - INFO - Searching flights from LAX to JFK on 2026-03-01
2026-02-11 22:49:36,561 - INFO - Successfully retrieved flight offers for LAX to JFK
2026-02-11 22:49:36,665 - INFO - Searching flights from ORD to LAX on 2026-03-01
2026-02-11 22:49:44,262 - INFO - Successfully retrieved flight offers for ORD to LAX
2026-02-11 22:49:44,367 - INFO - Searching flights from LAX to ORD on 2026-03-01
2026-02-11 22:49:47,720 - INFO - Successfully retrieved flight offers for LAX to ORD
2026-02-11 22:49:47,826 - INFO - Searching flights from JFK to LHR on 2026-03-01
2026-02-11 22:49:52,227 - INFO - Successfully retrieved flight offers for JFK to LHR
2026-02-11 22:49:52,332 - INFO - Searching flights from LHR to JFK on 2026-03-01
2026-02-11 22:49:58,590 - INFO - Successfully retrieved flight offers for LHR to JFK
2026-02-11 22:49:58,696 - INFO - Searching flights from ORD to JFK on 2026-03-01
2026-02-11 22:50:01,853 - INFO - Successfully retrieved flight offers for ORD to JFK
2026-02-11 22:50:01,957 - INFO - Searching flights from JFK to ORD on 2026-03-01
2026-02-11 22:50:04,616 - INFO - Successfully retrieved flight offers for JFK to ORD
2026-02-11 22:50:04,720 - INFO - Searching flights from LAX to LHR on 2026-03-01
2026-02-11 22:50:10,151 - INFO - Successfully retrieved flight offers for LAX to LHR
2026-02-11 22:50:10,257 - INFO - Searching flights from LHR to LAX on 2026-03-01
2026-02-11 22:50:19,711 - INFO - Successfully retrieved flight offers for LHR to LAX
2026-02-11 22:50:19,817 - INFO - Searching flights from ATL to DFW on 2026-03-01
2026-02-11 22:50:22,785 - INFO - Successfully retrieved flight offers for ATL to DFW
2026-02-11 22:50:22,891 - INFO - Searching flights from DFW to ATL on 2026-03-01
2026-02-11 22:50:25,777 - INFO - Successfully retrieved flight offers for DFW to ATL
2026-02-11 22:50:25,882 - INFO - Searching flights from SFO to LAX on 2026-03-01
2026-02-11 22:50:28,839 - INFO - Successfully retrieved flight offers for SFO to LAX
2026-02-11 22:50:28,945 - INFO - Searching flights from LAX to SFO on 2026-03-01
2026-02-11 22:50:32,689 - INFO - Successfully retrieved flight offers for LAX to SFO
2026-02-11 22:50:32,794 - INFO - Processing date: 2026-03-02
2026-02-11 22:50:32,795 - INFO - Searching flights from JFK to LAX on 2026-03-02
2026-02-11 22:50:36,979 - INFO - Successfully retrieved flight offers for JFK to LAX
2026-02-11 22:50:37,083 - INFO - Searching flights from LAX to JFK on 2026-03-02
2026-02-11 22:50:40,667 - INFO - Successfully retrieved flight offers for LAX to JFK
2026-02-11 22:50:40,773 - INFO - Searching flights from ORD to LAX on 2026-03-02
2026-02-11 22:50:48,049 - INFO - Successfully retrieved flight offers for ORD to LAX
2026-02-11 22:50:48,155 - INFO - Searching flights from LAX to ORD on 2026-03-02
2026-02-11 22:50:51,537 - INFO - Successfully retrieved flight offers for LAX to ORD
2026-02-11 22:50:51,643 - INFO - Searching flights from JFK to LHR on 2026-03-02
2026-02-11 22:50:55,715 - INFO - Successfully retrieved flight offers for JFK to LHR
2026-02-11 22:50:55,820 - INFO - Searching flights from LHR to JFK on 2026-03-02
2026-02-11 22:51:02,702 - INFO - Successfully retrieved flight offers for LHR to JFK
2026-02-11 22:51:02,808 - INFO - Searching flights from ORD to JFK on 2026-03-02
2026-02-11 22:51:05,168 - INFO - Successfully retrieved flight offers for ORD to JFK
2026-02-11 22:51:05,272 - INFO - Searching flights from JFK to ORD on 2026-03-02
2026-02-11 22:51:07,999 - INFO - Successfully retrieved flight offers for JFK to ORD
2026-02-11 22:51:08,104 - INFO - Searching flights from LAX to LHR on 2026-03-02
2026-02-11 22:51:12,854 - INFO - Successfully retrieved flight offers for LAX to LHR
2026-02-11 22:51:12,960 - INFO - Searching flights from LHR to LAX on 2026-03-02
2026-02-11 22:51:20,963 - INFO - Successfully retrieved flight offers for LHR to LAX
2026-02-11 22:51:21,070 - INFO - Searching flights from ATL to DFW on 2026-03-02
2026-02-11 22:51:23,775 - INFO - Successfully retrieved flight offers for ATL to DFW
2026-02-11 22:51:23,882 - INFO - Searching flights from DFW to ATL on 2026-03-02
2026-02-11 22:51:26,956 - INFO - Successfully retrieved flight offers for DFW to ATL
2026-02-11 22:51:27,062 - INFO - Searching flights from SFO to LAX on 2026-03-02
2026-02-11 22:51:30,090 - INFO - Successfully retrieved flight offers for SFO to LAX
2026-02-11 22:51:30,197 - INFO - Searching flights from LAX to SFO on 2026-03-02
2026-02-11 22:51:34,360 - INFO - Successfully retrieved flight offers for LAX to SFO
2026-02-11 22:51:34,465 - INFO - Processing date: 2026-03-03
2026-02-11 22:51:34,465 - INFO - Searching flights from JFK to LAX on 2026-03-03
2026-02-11 22:51:37,838 - INFO - Successfully retrieved flight offers for JFK to LAX
2026-02-11 22:51:37,942 - INFO - Searching flights from LAX to JFK on 2026-03-03
2026-02-11 22:51:41,610 - INFO - Successfully retrieved flight offers for LAX to JFK
2026-02-11 22:51:41,716 - INFO - Searching flights from ORD to LAX on 2026-03-03
2026-02-11 22:51:48,759 - INFO - Successfully retrieved flight offers for ORD to LAX
2026-02-11 22:51:48,865 - INFO - Searching flights from LAX to ORD on 2026-03-03
2026-02-11 22:51:52,874 - INFO - Successfully retrieved flight offers for LAX to ORD
2026-02-11 22:51:52,980 - INFO - Searching flights from JFK to LHR on 2026-03-03
2026-02-11 22:51:57,308 - INFO - Successfully retrieved flight offers for JFK to LHR
2026-02-11 22:51:57,414 - INFO - Searching flights from LHR to JFK on 2026-03-03
2026-02-11 22:52:04,062 - INFO - Successfully retrieved flight offers for LHR to JFK
2026-02-11 22:52:04,169 - INFO - Searching flights from ORD to JFK on 2026-03-03
2026-02-11 22:52:07,262 - INFO - Successfully retrieved flight offers for ORD to JFK
2026-02-11 22:52:07,369 - INFO - Searching flights from JFK to ORD on 2026-03-03
2026-02-11 22:52:10,570 - INFO - Successfully retrieved flight offers for JFK to ORD
2026-02-11 22:52:10,674 - INFO - Searching flights from LAX to LHR on 2026-03-03
2026-02-11 22:52:15,184 - INFO - Successfully retrieved flight offers for LAX to LHR
2026-02-11 22:52:15,291 - INFO - Searching flights from LHR to LAX on 2026-03-03
2026-02-11 22:52:22,402 - INFO - Successfully retrieved flight offers for LHR to LAX
2026-02-11 22:52:22,506 - INFO - Searching flights from ATL to DFW on 2026-03-03
2026-02-11 22:52:24,982 - INFO - Successfully retrieved flight offers for ATL to DFW
2026-02-11 22:52:25,088 - INFO - Searching flights from DFW to ATL on 2026-03-03
2026-02-11 22:52:27,673 - INFO - Successfully retrieved flight offers for DFW to ATL
2026-02-11 22:52:27,779 - INFO - Searching flights from SFO to LAX on 2026-03-03
2026-02-11 22:52:31,067 - INFO - Successfully retrieved flight offers for SFO to LAX
2026-02-11 22:52:31,173 - INFO - Searching flights from LAX to SFO on 2026-03-03
2026-02-11 22:52:34,887 - INFO - Successfully retrieved flight offers for LAX to SFO
2026-02-11 22:52:34,993 - INFO - Processing date: 2026-03-04
2026-02-11 22:52:34,994 - INFO - Searching flights from JFK to LAX on 2026-03-04
2026-02-11 22:52:38,522 - INFO - Successfully retrieved flight offers for JFK to LAX
2026-02-11 22:52:38,626 - INFO - Searching flights from LAX to JFK on 2026-03-04
2026-02-11 22:52:42,326 - INFO - Successfully retrieved flight offers for LAX to JFK
2026-02-11 22:52:42,432 - INFO - Searching flights from ORD to LAX on 2026-03-04
2026-02-11 22:52:49,897 - INFO - Successfully retrieved flight offers for ORD to LAX
2026-02-11 22:52:50,002 - INFO - Searching flights from LAX to ORD on 2026-03-04
2026-02-11 22:52:53,682 - INFO - Successfully retrieved flight offers for LAX to ORD
2026-02-11 22:52:53,787 - INFO - Searching flights from JFK to LHR on 2026-03-04
2026-02-11 22:52:58,298 - INFO - Successfully retrieved flight offers for JFK to LHR
2026-02-11 22:52:58,403 - INFO - Searching flights from LHR to JFK on 2026-03-04
2026-02-11 22:53:04,469 - INFO - Successfully retrieved flight offers for LHR to JFK
2026-02-11 22:53:04,574 - INFO - Searching flights from ORD to JFK on 2026-03-04
2026-02-11 22:53:07,708 - INFO - Successfully retrieved flight offers for ORD to JFK
2026-02-11 22:53:07,815 - INFO - Searching flights from JFK to ORD on 2026-03-04
2026-02-11 22:53:10,478 - INFO - Successfully retrieved flight offers for JFK to ORD
2026-02-11 22:53:10,583 - INFO - Searching flights from LAX to LHR on 2026-03-04
2026-02-11 22:53:16,111 - INFO - Successfully retrieved flight offers for LAX to LHR
2026-02-11 22:53:16,216 - INFO - Searching flights from LHR to LAX on 2026-03-04
2026-02-11 22:53:22,772 - INFO - Successfully retrieved flight offers for LHR to LAX
2026-02-11 22:53:22,875 - INFO - Searching flights from ATL to DFW on 2026-03-04
2026-02-11 22:53:25,350 - INFO - Successfully retrieved flight offers for ATL to DFW
2026-02-11 22:53:25,457 - INFO - Searching flights from DFW to ATL on 2026-03-04
2026-02-11 22:53:29,320 - INFO - Successfully retrieved flight offers for DFW to ATL
2026-02-11 22:53:29,425 - INFO - Searching flights from SFO to LAX on 2026-03-04
2026-02-11 22:53:32,856 - INFO - Successfully retrieved flight offers for SFO to LAX
2026-02-11 22:53:32,959 - INFO - Searching flights from LAX to SFO on 2026-03-04
2026-02-11 22:53:36,744 - INFO - Successfully retrieved flight offers for LAX to SFO
2026-02-11 22:53:36,850 - INFO - Processing date: 2026-03-05
2026-02-11 22:53:36,850 - INFO - Searching flights from JFK to LAX on 2026-03-05
2026-02-11 22:53:40,522 - INFO - Successfully retrieved flight offers for JFK to LAX
2026-02-11 22:53:40,628 - INFO - Searching flights from LAX to JFK on 2026-03-05
2026-02-11 22:53:44,342 - INFO - Successfully retrieved flight offers for LAX to JFK
2026-02-11 22:53:44,449 - INFO - Searching flights from ORD to LAX on 2026-03-05
2026-02-11 22:53:51,694 - INFO - Successfully retrieved flight offers for ORD to LAX
2026-02-11 22:53:51,800 - INFO - Searching flights from LAX to ORD on 2026-03-05
2026-02-11 22:53:55,836 - INFO - Successfully retrieved flight offers for LAX to ORD
2026-02-11 22:53:55,942 - INFO - Searching flights from JFK to LHR on 2026-03-05
2026-02-11 22:54:00,861 - INFO - Successfully retrieved flight offers for JFK to LHR
2026-02-11 22:54:00,967 - INFO - Searching flights from LHR to JFK on 2026-03-05
2026-02-11 22:54:08,044 - INFO - Successfully retrieved flight offers for LHR to JFK
2026-02-11 22:54:08,149 - INFO - Searching flights from ORD to JFK on 2026-03-05
2026-02-11 22:54:11,074 - INFO - Successfully retrieved flight offers for ORD to JFK
2026-02-11 22:54:11,179 - INFO - Searching flights from JFK to ORD on 2026-03-05
2026-02-11 22:54:13,876 - INFO - Successfully retrieved flight offers for JFK to ORD
2026-02-11 22:54:13,981 - INFO - Searching flights from LAX to LHR on 2026-03-05
2026-02-11 22:54:18,652 - INFO - Successfully retrieved flight offers for LAX to LHR
2026-02-11 22:54:18,756 - INFO - Searching flights from LHR to LAX on 2026-03-05
2026-02-11 22:54:27,567 - INFO - Successfully retrieved flight offers for LHR to LAX
2026-02-11 22:54:27,669 - INFO - Searching flights from ATL to DFW on 2026-03-05
2026-02-11 22:54:30,659 - INFO - Successfully retrieved flight offers for ATL to DFW
2026-02-11 22:54:30,764 - INFO - Searching flights from DFW to ATL on 2026-03-05
2026-02-11 22:54:34,149 - INFO - Successfully retrieved flight offers for DFW to ATL
2026-02-11 22:54:34,250 - INFO - Searching flights from SFO to LAX on 2026-03-05
2026-02-11 22:54:37,722 - INFO - Successfully retrieved flight offers for SFO to LAX
2026-02-11 22:54:37,828 - INFO - Searching flights from LAX to SFO on 2026-03-05
2026-02-11 22:54:41,719 - INFO - Successfully retrieved flight offers for LAX to SFO
2026-02-11 22:54:41,822 - INFO - Processing date: 2026-03-06
2026-02-11 22:54:41,822 - INFO - Searching flights from JFK to LAX on 2026-03-06
2026-02-11 22:54:45,317 - INFO - Successfully retrieved flight offers for JFK to LAX
2026-02-11 22:54:45,422 - INFO - Searching flights from LAX to JFK on 2026-03-06
2026-02-11 22:54:48,886 - INFO - Successfully retrieved flight offers for LAX to JFK
2026-02-11 22:54:48,992 - INFO - Searching flights from ORD to LAX on 2026-03-06
2026-02-11 22:54:56,426 - INFO - Successfully retrieved flight offers for ORD to LAX
2026-02-11 22:54:56,532 - INFO - Searching flights from LAX to ORD on 2026-03-06
2026-02-11 22:55:00,269 - INFO - Successfully retrieved flight offers for LAX to ORD
2026-02-11 22:55:00,375 - INFO - Searching flights from JFK to LHR on 2026-03-06
2026-02-11 22:55:05,268 - INFO - Successfully retrieved flight offers for JFK to LHR
2026-02-11 22:55:05,374 - INFO - Searching flights from LHR to JFK on 2026-03-06
2026-02-11 22:55:11,768 - INFO - Successfully retrieved flight offers for LHR to JFK
2026-02-11 22:55:11,873 - INFO - Searching flights from ORD to JFK on 2026-03-06
2026-02-11 22:55:14,891 - INFO - Successfully retrieved flight offers for ORD to JFK
2026-02-11 22:55:14,993 - INFO - Searching flights from JFK to ORD on 2026-03-06
2026-02-11 22:55:17,832 - INFO - Successfully retrieved flight offers for JFK to ORD
2026-02-11 22:55:17,938 - INFO - Searching flights from LAX to LHR on 2026-03-06
2026-02-11 22:55:22,612 - INFO - Successfully retrieved flight offers for LAX to LHR
2026-02-11 22:55:22,718 - INFO - Searching flights from LHR to LAX on 2026-03-06
2026-02-11 22:55:30,462 - INFO - Successfully retrieved flight offers for LHR to LAX
2026-02-11 22:55:30,568 - INFO - Searching flights from ATL to DFW on 2026-03-06
2026-02-11 22:55:33,633 - INFO - Successfully retrieved flight offers for ATL to DFW
2026-02-11 22:55:33,740 - INFO - Searching flights from DFW to ATL on 2026-03-06
2026-02-11 22:55:36,727 - INFO - Successfully retrieved flight offers for DFW to ATL
2026-02-11 22:55:36,833 - INFO - Searching flights from SFO to LAX on 2026-03-06
2026-02-11 22:55:40,943 - INFO - Successfully retrieved flight offers for SFO to LAX
2026-02-11 22:55:41,050 - INFO - Searching flights from LAX to SFO on 2026-03-06
2026-02-11 22:55:45,074 - INFO - Successfully retrieved flight offers for LAX to SFO
2026-02-11 22:55:45,180 - INFO - Processing date: 2026-03-07
2026-02-11 22:55:45,181 - INFO - Searching flights from JFK to LAX on 2026-03-07
2026-02-11 22:55:48,952 - INFO - Successfully retrieved flight offers for JFK to LAX
2026-02-11 22:55:49,057 - INFO - Searching flights from LAX to JFK on 2026-03-07
2026-02-11 22:55:52,698 - INFO - Successfully retrieved flight offers for LAX to JFK
2026-02-11 22:55:52,802 - INFO - Searching flights from ORD to LAX on 2026-03-07
2026-02-11 22:56:00,362 - INFO - Successfully retrieved flight offers for ORD to LAX
2026-02-11 22:56:00,468 - INFO - Searching flights from LAX to ORD on 2026-03-07
2026-02-11 22:56:04,353 - INFO - Successfully retrieved flight offers for LAX to ORD
2026-02-11 22:56:04,458 - INFO - Searching flights from JFK to LHR on 2026-03-07
2026-02-11 22:56:09,476 - INFO - Successfully retrieved flight offers for JFK to LHR
2026-02-11 22:56:09,582 - INFO - Searching flights from LHR to JFK on 2026-03-07
2026-02-11 22:56:16,136 - INFO - Successfully retrieved flight offers for LHR to JFK
2026-02-11 22:56:16,242 - INFO - Searching flights from ORD to JFK on 2026-03-07
2026-02-11 22:56:18,775 - INFO - Successfully retrieved flight offers for ORD to JFK
2026-02-11 22:56:18,881 - INFO - Searching flights from JFK to ORD on 2026-03-07
2026-02-11 22:56:21,590 - INFO - Successfully retrieved flight offers for JFK to ORD
2026-02-11 22:56:21,692 - INFO - Searching flights from LAX to LHR on 2026-03-07
2026-02-11 22:56:26,492 - INFO - Successfully retrieved flight offers for LAX to LHR
2026-02-11 22:56:26,598 - INFO - Searching flights from LHR to LAX on 2026-03-07
2026-02-11 22:56:32,841 - INFO - Successfully retrieved flight offers for LHR to LAX
2026-02-11 22:56:32,947 - INFO - Searching flights from ATL to DFW on 2026-03-07
2026-02-11 22:56:36,065 - INFO - Successfully retrieved flight offers for ATL to DFW
2026-02-11 22:56:36,171 - INFO - Searching flights from DFW to ATL on 2026-03-07
2026-02-11 22:56:39,479 - INFO - Successfully retrieved flight offers for DFW to ATL
2026-02-11 22:56:39,581 - INFO - Searching flights from SFO to LAX on 2026-03-07
2026-02-11 22:56:43,375 - INFO - Successfully retrieved flight offers for SFO to LAX
2026-02-11 22:56:43,481 - INFO - Searching flights from LAX to SFO on 2026-03-07
2026-02-11 22:56:47,371 - INFO - Successfully retrieved flight offers for LAX to SFO
2026-02-11 22:56:47,476 - INFO - Processing date: 2026-03-08
2026-02-11 22:56:47,477 - INFO - Searching flights from JFK to LAX on 2026-03-08
2026-02-11 22:56:50,837 - INFO - Successfully retrieved flight offers for JFK to LAX
2026-02-11 22:56:50,943 - INFO - Searching flights from LAX to JFK on 2026-03-08
2026-02-11 22:56:54,113 - INFO - Successfully retrieved flight offers for LAX to JFK
2026-02-11 22:56:54,220 - INFO - Searching flights from ORD to LAX on 2026-03-08
2026-02-11 22:57:01,887 - INFO - Successfully retrieved flight offers for ORD to LAX
2026-02-11 22:57:01,993 - INFO - Searching flights from LAX to ORD on 2026-03-08
2026-02-11 22:57:05,427 - INFO - Successfully retrieved flight offers for LAX to ORD
2026-02-11 22:57:05,531 - INFO - Searching flights from JFK to LHR on 2026-03-08
2026-02-11 22:57:10,070 - INFO - Successfully retrieved flight offers for JFK to LHR
2026-02-11 22:57:10,176 - INFO - Searching flights from LHR to JFK on 2026-03-08
2026-02-11 22:57:17,059 - INFO - Successfully retrieved flight offers for LHR to JFK
2026-02-11 22:57:17,165 - INFO - Searching flights from ORD to JFK on 2026-03-08
2026-02-11 22:57:19,833 - INFO - Successfully retrieved flight offers for ORD to JFK
2026-02-11 22:57:19,940 - INFO - Searching flights from JFK to ORD on 2026-03-08
2026-02-11 22:57:22,736 - INFO - Successfully retrieved flight offers for JFK to ORD
2026-02-11 22:57:22,842 - INFO - Searching flights from LAX to LHR on 2026-03-08
2026-02-11 22:57:27,419 - INFO - Successfully retrieved flight offers for LAX to LHR
2026-02-11 22:57:27,525 - INFO - Searching flights from LHR to LAX on 2026-03-08
2026-02-11 22:57:34,817 - INFO - Successfully retrieved flight offers for LHR to LAX
2026-02-11 22:57:34,923 - INFO - Searching flights from ATL to DFW on 2026-03-08
2026-02-11 22:57:37,957 - INFO - Successfully retrieved flight offers for ATL to DFW
2026-02-11 22:57:38,063 - INFO - Searching flights from DFW to ATL on 2026-03-08
2026-02-11 22:57:41,832 - INFO - Successfully retrieved flight offers for DFW to ATL
2026-02-11 22:57:41,936 - INFO - Searching flights from SFO to LAX on 2026-03-08
2026-02-11 22:57:45,474 - INFO - Successfully retrieved flight offers for SFO to LAX
2026-02-11 22:57:45,580 - INFO - Searching flights from LAX to SFO on 2026-03-08
2026-02-11 22:57:49,538 - INFO - Successfully retrieved flight offers for LAX to SFO
2026-02-11 22:57:49,644 - INFO - Processing date: 2026-03-09
2026-02-11 22:57:49,645 - INFO - Searching flights from JFK to LAX on 2026-03-09
2026-02-11 22:57:53,359 - INFO - Successfully retrieved flight offers for JFK to LAX
2026-02-11 22:57:53,465 - INFO - Searching flights from LAX to JFK on 2026-03-09
2026-02-11 22:57:57,239 - INFO - Successfully retrieved flight offers for LAX to JFK
2026-02-11 22:57:57,345 - INFO - Searching flights from ORD to LAX on 2026-03-09
2026-02-11 22:58:05,087 - INFO - Successfully retrieved flight offers for ORD to LAX
2026-02-11 22:58:05,190 - INFO - Searching flights from LAX to ORD on 2026-03-09
2026-02-11 22:58:09,291 - INFO - Successfully retrieved flight offers for LAX to ORD
2026-02-11 22:58:09,397 - INFO - Searching flights from JFK to LHR on 2026-03-09
2026-02-11 22:58:13,700 - INFO - Successfully retrieved flight offers for JFK to LHR
2026-02-11 22:58:13,801 - INFO - Searching flights from LHR to JFK on 2026-03-09
2026-02-11 22:58:21,064 - INFO - Successfully retrieved flight offers for LHR to JFK
2026-02-11 22:58:21,170 - INFO - Searching flights from ORD to JFK on 2026-03-09
2026-02-11 22:58:23,929 - INFO - Successfully retrieved flight offers for ORD to JFK
2026-02-11 22:58:24,033 - INFO - Searching flights from JFK to ORD on 2026-03-09
2026-02-11 22:58:26,196 - INFO - Successfully retrieved flight offers for JFK to ORD
2026-02-11 22:58:26,302 - INFO - Searching flights from LAX to LHR on 2026-03-09
2026-02-11 22:58:30,830 - INFO - Successfully retrieved flight offers for LAX to LHR
2026-02-11 22:58:30,937 - INFO - Searching flights from LHR to LAX on 2026-03-09
2026-02-11 22:58:38,271 - INFO - Successfully retrieved flight offers for LHR to LAX
2026-02-11 22:58:38,377 - INFO - Searching flights from ATL to DFW on 2026-03-09
2026-02-11 22:58:43,341 - INFO - Successfully retrieved flight offers for ATL to DFW
2026-02-11 22:58:43,447 - INFO - Searching flights from DFW to ATL on 2026-03-09
2026-02-11 22:58:47,255 - INFO - Successfully retrieved flight offers for DFW to ATL
2026-02-11 22:58:47,360 - INFO - Searching flights from SFO to LAX on 2026-03-09
2026-02-11 22:58:51,376 - INFO - Successfully retrieved flight offers for SFO to LAX
2026-02-11 22:58:51,482 - INFO - Searching flights from LAX to SFO on 2026-03-09
2026-02-11 22:58:54,808 - INFO - Successfully retrieved flight offers for LAX to SFO
2026-02-11 22:58:54,914 - INFO - Processing date: 2026-03-10
2026-02-11 22:58:54,914 - INFO - Searching flights from JFK to LAX on 2026-03-10
2026-02-11 22:58:58,313 - INFO - Successfully retrieved flight offers for JFK to LAX
2026-02-11 22:58:58,418 - INFO - Searching flights from LAX to JFK on 2026-03-10
2026-02-11 22:59:02,101 - INFO - Successfully retrieved flight offers for LAX to JFK
2026-02-11 22:59:02,207 - INFO - Searching flights from ORD to LAX on 2026-03-10
2026-02-11 22:59:09,781 - INFO - Successfully retrieved flight offers for ORD to LAX
2026-02-11 22:59:09,887 - INFO - Searching flights from LAX to ORD on 2026-03-10
2026-02-11 22:59:13,979 - INFO - Successfully retrieved flight offers for LAX to ORD
2026-02-11 22:59:14,083 - INFO - Searching flights from JFK to LHR on 2026-03-10
2026-02-11 22:59:18,968 - INFO - Successfully retrieved flight offers for JFK to LHR
2026-02-11 22:59:19,072 - INFO - Searching flights from LHR to JFK on 2026-03-10
2026-02-11 22:59:25,494 - INFO - Successfully retrieved flight offers for LHR to JFK
2026-02-11 22:59:25,601 - INFO - Searching flights from ORD to JFK on 2026-03-10
2026-02-11 22:59:28,282 - INFO - Successfully retrieved flight offers for ORD to JFK
2026-02-11 22:59:28,385 - INFO - Searching flights from JFK to ORD on 2026-03-10
2026-02-11 22:59:30,931 - INFO - Successfully retrieved flight offers for JFK to ORD
2026-02-11 22:59:31,036 - INFO - Searching flights from LAX to LHR on 2026-03-10
2026-02-11 22:59:39,264 - INFO - Successfully retrieved flight offers for LAX to LHR
2026-02-11 22:59:39,370 - INFO - Searching flights from LHR to LAX on 2026-03-10
2026-02-11 22:59:46,185 - INFO - Successfully retrieved flight offers for LHR to LAX
2026-02-11 22:59:46,291 - INFO - Searching flights from ATL to DFW on 2026-03-10
2026-02-11 22:59:49,742 - INFO - Successfully retrieved flight offers for ATL to DFW
2026-02-11 22:59:49,845 - INFO - Searching flights from DFW to ATL on 2026-03-10
2026-02-11 22:59:53,188 - INFO - Successfully retrieved flight offers for DFW to ATL
2026-02-11 22:59:53,294 - INFO - Searching flights from SFO to LAX on 2026-03-10
2026-02-11 22:59:56,920 - INFO - Successfully retrieved flight offers for SFO to LAX
2026-02-11 22:59:57,026 - INFO - Searching flights from LAX to SFO on 2026-03-10
2026-02-11 23:00:01,489 - INFO - Successfully retrieved flight offers for LAX to SFO
2026-02-11 23:00:01,591 - INFO - Processing date: 2026-03-11
2026-02-11 23:00:01,592 - INFO - Searching flights from JFK to LAX on 2026-03-11
2026-02-11 23:00:05,921 - INFO - Successfully retrieved flight offers for JFK to LAX
2026-02-11 23:00:06,027 - INFO - Searching flights from LAX to JFK on 2026-03-11
2026-02-11 23:00:10,119 - INFO - Successfully retrieved flight offers for LAX to JFK
2026-02-11 23:00:10,223 - INFO - Searching flights from ORD to LAX on 2026-03-11
2026-02-11 23:00:18,166 - INFO - Successfully retrieved flight offers for ORD to LAX
2026-02-11 23:00:18,272 - INFO - Searching flights from LAX to ORD on 2026-03-11
2026-02-11 23:00:22,305 - INFO - Successfully retrieved flight offers for LAX to ORD
2026-02-11 23:00:22,410 - INFO - Searching flights from JFK to LHR on 2026-03-11
2026-02-11 23:00:26,779 - INFO - Successfully retrieved flight offers for JFK to LHR
2026-02-11 23:00:26,885 - INFO - Searching flights from LHR to JFK on 2026-03-11
2026-02-11 23:00:33,601 - INFO - Successfully retrieved flight offers for LHR to JFK
2026-02-11 23:00:33,707 - INFO - Searching flights from ORD to JFK on 2026-03-11
2026-02-11 23:00:36,229 - INFO - Successfully retrieved flight offers for ORD to JFK
2026-02-11 23:00:36,336 - INFO - Searching flights from JFK to ORD on 2026-03-11
2026-02-11 23:00:38,595 - INFO - Successfully retrieved flight offers for JFK to ORD
2026-02-11 23:00:38,701 - INFO - Searching flights from LAX to LHR on 2026-03-11
2026-02-11 23:00:47,465 - INFO - Successfully retrieved flight offers for LAX to LHR
2026-02-11 23:00:47,570 - INFO - Searching flights from LHR to LAX on 2026-03-11
2026-02-11 23:00:55,250 - INFO - Successfully retrieved flight offers for LHR to LAX
2026-02-11 23:00:55,356 - INFO - Searching flights from ATL to DFW on 2026-03-11
2026-02-11 23:00:58,724 - INFO - Successfully retrieved flight offers for ATL to DFW
2026-02-11 23:00:58,828 - INFO - Searching flights from DFW to ATL on 2026-03-11
2026-02-11 23:01:03,391 - INFO - Successfully retrieved flight offers for DFW to ATL
2026-02-11 23:01:03,494 - INFO - Searching flights from SFO to LAX on 2026-03-11
2026-02-11 23:01:08,051 - INFO - Successfully retrieved flight offers for SFO to LAX
2026-02-11 23:01:08,154 - INFO - Searching flights from LAX to SFO on 2026-03-11
2026-02-11 23:01:12,305 - INFO - Successfully retrieved flight offers for LAX to SFO
2026-02-11 23:01:12,410 - INFO - Processing date: 2026-03-12
2026-02-11 23:01:12,410 - INFO - Searching flights from JFK to LAX on 2026-03-12
2026-02-11 23:01:16,368 - INFO - Successfully retrieved flight offers for JFK to LAX
2026-02-11 23:01:16,473 - INFO - Searching flights from LAX to JFK on 2026-03-12
2026-02-11 23:01:20,034 - INFO - Successfully retrieved flight offers for LAX to JFK
2026-02-11 23:01:20,141 - INFO - Searching flights from ORD to LAX on 2026-03-12
2026-02-11 23:01:27,223 - INFO - Successfully retrieved flight offers for ORD to LAX
2026-02-11 23:01:27,329 - INFO - Searching flights from LAX to ORD on 2026-03-12
2026-02-11 23:01:31,764 - INFO - Successfully retrieved flight offers for LAX to ORD
2026-02-11 23:01:31,870 - INFO - Searching flights from JFK to LHR on 2026-03-12
2026-02-11 23:01:37,058 - INFO - Successfully retrieved flight offers for JFK to LHR
2026-02-11 23:01:37,165 - INFO - Searching flights from LHR to JFK on 2026-03-12
2026-02-11 23:01:43,258 - INFO - Successfully retrieved flight offers for LHR to JFK
2026-02-11 23:01:43,364 - INFO - Searching flights from ORD to JFK on 2026-03-12
2026-02-11 23:01:45,881 - INFO - Successfully retrieved flight offers for ORD to JFK
2026-02-11 23:01:45,985 - INFO - Searching flights from JFK to ORD on 2026-03-12
2026-02-11 23:01:48,627 - INFO - Successfully retrieved flight offers for JFK to ORD
2026-02-11 23:01:48,731 - INFO - Searching flights from LAX to LHR on 2026-03-12
2026-02-11 23:01:53,442 - INFO - Successfully retrieved flight offers for LAX to LHR
2026-02-11 23:01:53,548 - INFO - Searching flights from LHR to LAX on 2026-03-12
2026-02-11 23:02:00,922 - INFO - Successfully retrieved flight offers for LHR to LAX
2026-02-11 23:02:01,029 - INFO - Searching flights from ATL to DFW on 2026-03-12
2026-02-11 23:02:04,501 - INFO - Successfully retrieved flight offers for ATL to DFW
2026-02-11 23:02:04,607 - INFO - Searching flights from DFW to ATL on 2026-03-12
2026-02-11 23:02:08,010 - INFO - Successfully retrieved flight offers for DFW to ATL
2026-02-11 23:02:08,117 - INFO - Searching flights from SFO to LAX on 2026-03-12
2026-02-11 23:02:12,181 - INFO - Successfully retrieved flight offers for SFO to LAX
2026-02-11 23:02:12,287 - INFO - Searching flights from LAX to SFO on 2026-03-12
2026-02-11 23:02:16,175 - INFO - Successfully retrieved flight offers for LAX to SFO
2026-02-11 23:02:16,281 - INFO - Processing date: 2026-03-13
2026-02-11 23:02:16,281 - INFO - Searching flights from JFK to LAX on 2026-03-13
2026-02-11 23:02:20,374 - INFO - Successfully retrieved flight offers for JFK to LAX
2026-02-11 23:02:20,477 - INFO - Searching flights from LAX to JFK on 2026-03-13
2026-02-11 23:02:23,992 - INFO - Successfully retrieved flight offers for LAX to JFK
2026-02-11 23:02:24,098 - INFO - Searching flights from ORD to LAX on 2026-03-13
2026-02-11 23:02:31,235 - INFO - Successfully retrieved flight offers for ORD to LAX
2026-02-11 23:02:31,347 - INFO - Searching flights from LAX to ORD on 2026-03-13
2026-02-11 23:02:35,025 - INFO - Successfully retrieved flight offers for LAX to ORD
2026-02-11 23:02:35,135 - INFO - Searching flights from JFK to LHR on 2026-03-13
2026-02-11 23:02:39,971 - INFO - Successfully retrieved flight offers for JFK to LHR
2026-02-11 23:02:40,082 - INFO - Searching flights from LHR to JFK on 2026-03-13
2026-02-11 23:02:46,154 - INFO - Successfully retrieved flight offers for LHR to JFK
2026-02-11 23:02:46,259 - INFO - Searching flights from ORD to JFK on 2026-03-13
2026-02-11 23:02:48,682 - INFO - Successfully retrieved flight offers for ORD to JFK
2026-02-11 23:02:48,794 - INFO - Searching flights from JFK to ORD on 2026-03-13
2026-02-11 23:02:51,399 - INFO - Successfully retrieved flight offers for JFK to ORD
2026-02-11 23:02:51,510 - INFO - Searching flights from LAX to LHR on 2026-03-13
2026-02-11 23:02:56,506 - INFO - Successfully retrieved flight offers for LAX to LHR
2026-02-11 23:02:56,616 - INFO - Searching flights from LHR to LAX on 2026-03-13
2026-02-11 23:03:02,846 - INFO - Successfully retrieved flight offers for LHR to LAX
2026-02-11 23:03:02,958 - INFO - Searching flights from ATL to DFW on 2026-03-13
2026-02-11 23:03:07,179 - INFO - Successfully retrieved flight offers for ATL to DFW
2026-02-11 23:03:07,290 - INFO - Searching flights from DFW to ATL on 2026-03-13
2026-02-11 23:03:10,858 - INFO - Successfully retrieved flight offers for DFW to ATL
2026-02-11 23:03:10,969 - INFO - Searching flights from SFO to LAX on 2026-03-13
2026-02-11 23:03:14,540 - INFO - Successfully retrieved flight offers for SFO to LAX
2026-02-11 23:03:14,650 - INFO - Searching flights from LAX to SFO on 2026-03-13
2026-02-11 23:03:18,024 - INFO - Successfully retrieved flight offers for LAX to SFO
2026-02-11 23:03:18,135 - INFO - Processing date: 2026-03-14
2026-02-11 23:03:18,135 - INFO - Searching flights from JFK to LAX on 2026-03-14
2026-02-11 23:03:21,626 - INFO - Successfully retrieved flight offers for JFK to LAX
2026-02-11 23:03:21,737 - INFO - Searching flights from LAX to JFK on 2026-03-14
2026-02-11 23:03:25,615 - INFO - Successfully retrieved flight offers for LAX to JFK
2026-02-11 23:03:25,726 - INFO - Searching flights from ORD to LAX on 2026-03-14
2026-02-11 23:03:33,247 - INFO - Successfully retrieved flight offers for ORD to LAX
2026-02-11 23:03:33,358 - INFO - Searching flights from LAX to ORD on 2026-03-14
2026-02-11 23:03:36,970 - INFO - Successfully retrieved flight offers for LAX to ORD
2026-02-11 23:03:37,080 - INFO - Searching flights from JFK to LHR on 2026-03-14
2026-02-11 23:03:41,762 - INFO - Successfully retrieved flight offers for JFK to LHR
2026-02-11 23:03:41,873 - INFO - Searching flights from LHR to JFK on 2026-03-14
2026-02-11 23:03:49,299 - INFO - Successfully retrieved flight offers for LHR to JFK
2026-02-11 23:03:49,410 - INFO - Searching flights from ORD to JFK on 2026-03-14
2026-02-11 23:03:53,268 - INFO - Successfully retrieved flight offers for ORD to JFK
2026-02-11 23:03:53,380 - INFO - Searching flights from JFK to ORD on 2026-03-14
2026-02-11 23:03:57,798 - INFO - Successfully retrieved flight offers for JFK to ORD
2026-02-11 23:03:57,908 - INFO - Searching flights from LAX to LHR on 2026-03-14
2026-02-11 23:04:02,881 - INFO - Successfully retrieved flight offers for LAX to LHR
2026-02-11 23:04:02,993 - INFO - Searching flights from LHR to LAX on 2026-03-14
2026-02-11 23:04:12,200 - INFO - Successfully retrieved flight offers for LHR to LAX
2026-02-11 23:04:12,309 - INFO - Searching flights from ATL to DFW on 2026-03-14
2026-02-11 23:04:15,463 - INFO - Successfully retrieved flight offers for ATL to DFW
2026-02-11 23:04:15,573 - INFO - Searching flights from DFW to ATL on 2026-03-14
2026-02-11 23:04:19,655 - INFO - Successfully retrieved flight offers for DFW to ATL
2026-02-11 23:04:19,761 - INFO - Searching flights from SFO to LAX on 2026-03-14
2026-02-11 23:04:23,563 - INFO - Successfully retrieved flight offers for SFO to LAX
2026-02-11 23:04:23,674 - INFO - Searching flights from LAX to SFO on 2026-03-14
2026-02-11 23:04:27,525 - INFO - Successfully retrieved flight offers for LAX to SFO
2026-02-11 23:04:27,636 - INFO - Processing date: 2026-03-15
2026-02-11 23:04:27,637 - INFO - Searching flights from JFK to LAX on 2026-03-15
2026-02-11 23:04:30,978 - INFO - Successfully retrieved flight offers for JFK to LAX
2026-02-11 23:04:31,088 - INFO - Searching flights from LAX to JFK on 2026-03-15
2026-02-11 23:04:35,439 - INFO - Successfully retrieved flight offers for LAX to JFK
2026-02-11 23:04:35,551 - INFO - Searching flights from ORD to LAX on 2026-03-15
2026-02-11 23:04:42,862 - INFO - Successfully retrieved flight offers for ORD to LAX
2026-02-11 23:04:42,965 - INFO - Searching flights from LAX to ORD on 2026-03-15
2026-02-11 23:04:46,603 - INFO - Successfully retrieved flight offers for LAX to ORD
2026-02-11 23:04:46,714 - INFO - Searching flights from JFK to LHR on 2026-03-15
2026-02-11 23:04:51,396 - INFO - Successfully retrieved flight offers for JFK to LHR
2026-02-11 23:04:51,507 - INFO - Searching flights from LHR to JFK on 2026-03-15
2026-02-11 23:04:58,761 - INFO - Successfully retrieved flight offers for LHR to JFK
2026-02-11 23:04:58,872 - INFO - Searching flights from ORD to JFK on 2026-03-15
2026-02-11 23:05:01,797 - INFO - Successfully retrieved flight offers for ORD to JFK
2026-02-11 23:05:01,906 - INFO - Searching flights from JFK to ORD on 2026-03-15
2026-02-11 23:05:04,969 - INFO - Successfully retrieved flight offers for JFK to ORD
2026-02-11 23:05:05,080 - INFO - Searching flights from LAX to LHR on 2026-03-15
2026-02-11 23:05:09,835 - INFO - Successfully retrieved flight offers for LAX to LHR
2026-02-11 23:05:09,945 - INFO - Searching flights from LHR to LAX on 2026-03-15
2026-02-11 23:05:17,222 - INFO - Successfully retrieved flight offers for LHR to LAX
2026-02-11 23:05:17,333 - INFO - Searching flights from ATL to DFW on 2026-03-15
2026-02-11 23:05:21,391 - INFO - Successfully retrieved flight offers for ATL to DFW
2026-02-11 23:05:21,501 - INFO - Searching flights from DFW to ATL on 2026-03-15
2026-02-11 23:05:24,181 - INFO - Successfully retrieved flight offers for DFW to ATL
2026-02-11 23:05:24,283 - INFO - Searching flights from SFO to LAX on 2026-03-15
2026-02-11 23:05:27,645 - INFO - Successfully retrieved flight offers for SFO to LAX
2026-02-11 23:05:27,755 - INFO - Searching flights from LAX to SFO on 2026-03-15
2026-02-11 23:05:31,253 - INFO - Successfully retrieved flight offers for LAX to SFO
2026-02-11 23:05:31,364 - INFO - Processing date: 2026-03-16
2026-02-11 23:05:31,365 - INFO - Searching flights from JFK to LAX on 2026-03-16
2026-02-11 23:05:34,829 - INFO - Successfully retrieved flight offers for JFK to LAX
2026-02-11 23:05:34,934 - INFO - Searching flights from LAX to JFK on 2026-03-16
2026-02-11 23:05:38,018 - INFO - Successfully retrieved flight offers for LAX to JFK
2026-02-11 23:05:38,129 - INFO - Searching flights from ORD to LAX on 2026-03-16
2026-02-11 23:05:42,104 - INFO - Successfully retrieved flight offers for ORD to LAX
2026-02-11 23:05:42,215 - INFO - Searching flights from LAX to ORD on 2026-03-16
2026-02-11 23:05:46,712 - INFO - Successfully retrieved flight offers for LAX to ORD
2026-02-11 23:05:46,824 - INFO - Searching flights from JFK to LHR on 2026-03-16
2026-02-11 23:05:51,878 - INFO - Successfully retrieved flight offers for JFK to LHR
2026-02-11 23:05:51,988 - INFO - Searching flights from LHR to JFK on 2026-03-16
2026-02-11 23:05:58,592 - INFO - Successfully retrieved flight offers for LHR to JFK
2026-02-11 23:05:58,704 - INFO - Searching flights from ORD to JFK on 2026-03-16
2026-02-11 23:06:01,083 - INFO - Successfully retrieved flight offers for ORD to JFK
2026-02-11 23:06:01,184 - INFO - Searching flights from JFK to ORD on 2026-03-16
2026-02-11 23:06:03,504 - INFO - Successfully retrieved flight offers for JFK to ORD
2026-02-11 23:06:03,610 - INFO - Searching flights from LAX to LHR on 2026-03-16
2026-02-11 23:06:08,831 - INFO - Successfully retrieved flight offers for LAX to LHR
2026-02-11 23:06:08,942 - INFO - Searching flights from LHR to LAX on 2026-03-16
2026-02-11 23:06:15,834 - INFO - Successfully retrieved flight offers for LHR to LAX
2026-02-11 23:06:15,945 - INFO - Searching flights from ATL to DFW on 2026-03-16
2026-02-11 23:06:18,806 - INFO - Successfully retrieved flight offers for ATL to DFW
2026-02-11 23:06:18,917 - INFO - Searching flights from DFW to ATL on 2026-03-16
2026-02-11 23:06:21,842 - INFO - Successfully retrieved flight offers for DFW to ATL
2026-02-11 23:06:21,944 - INFO - Searching flights from SFO to LAX on 2026-03-16
2026-02-11 23:06:27,019 - INFO - Successfully retrieved flight offers for SFO to LAX
2026-02-11 23:06:27,124 - INFO - Searching flights from LAX to SFO on 2026-03-16
2026-02-11 23:06:31,359 - INFO - Successfully retrieved flight offers for LAX to SFO
2026-02-11 23:06:31,471 - INFO - Processing date: 2026-03-17
2026-02-11 23:06:31,471 - INFO - Searching flights from JFK to LAX on 2026-03-17
2026-02-11 23:06:34,402 - INFO - Successfully retrieved flight offers for JFK to LAX
2026-02-11 23:06:34,514 - INFO - Searching flights from LAX to JFK on 2026-03-17
2026-02-11 23:06:38,065 - INFO - Successfully retrieved flight offers for LAX to JFK
2026-02-11 23:06:38,176 - INFO - Searching flights from ORD to LAX on 2026-03-17
2026-02-11 23:06:45,798 - INFO - Successfully retrieved flight offers for ORD to LAX
2026-02-11 23:06:45,908 - INFO - Searching flights from LAX to ORD on 2026-03-17
2026-02-11 23:06:50,446 - INFO - Successfully retrieved flight offers for LAX to ORD
2026-02-11 23:06:50,557 - INFO - Searching flights from JFK to LHR on 2026-03-17
2026-02-11 23:06:55,242 - INFO - Successfully retrieved flight offers for JFK to LHR
2026-02-11 23:06:55,353 - INFO - Searching flights from LHR to JFK on 2026-03-17
2026-02-11 23:07:01,826 - INFO - Successfully retrieved flight offers for LHR to JFK
2026-02-11 23:07:01,936 - INFO - Searching flights from ORD to JFK on 2026-03-17
2026-02-11 23:07:04,636 - INFO - Successfully retrieved flight offers for ORD to JFK
2026-02-11 23:07:04,748 - INFO - Searching flights from JFK to ORD on 2026-03-17
2026-02-11 23:07:07,483 - INFO - Successfully retrieved flight offers for JFK to ORD
2026-02-11 23:07:07,593 - INFO - Searching flights from LAX to LHR on 2026-03-17
2026-02-11 23:07:12,219 - INFO - Successfully retrieved flight offers for LAX to LHR
2026-02-11 23:07:12,330 - INFO - Searching flights from LHR to LAX on 2026-03-17
2026-02-11 23:07:17,988 - INFO - Successfully retrieved flight offers for LHR to LAX
2026-02-11 23:07:18,094 - INFO - Searching flights from ATL to DFW on 2026-03-17
2026-02-11 23:07:21,065 - INFO - Successfully retrieved flight offers for ATL to DFW
2026-02-11 23:07:21,176 - INFO - Searching flights from DFW to ATL on 2026-03-17
2026-02-11 23:07:24,118 - INFO - Successfully retrieved flight offers for DFW to ATL
2026-02-11 23:07:24,225 - INFO - Searching flights from SFO to LAX on 2026-03-17
2026-02-11 23:07:27,376 - INFO - Successfully retrieved flight offers for SFO to LAX
2026-02-11 23:07:27,479 - INFO - Searching flights from LAX to SFO on 2026-03-17
2026-02-11 23:07:30,900 - INFO - Successfully retrieved flight offers for LAX to SFO
2026-02-11 23:07:31,011 - INFO - Processing date: 2026-03-18
2026-02-11 23:07:31,012 - INFO - Searching flights from JFK to LAX on 2026-03-18
2026-02-11 23:07:35,160 - INFO - Successfully retrieved flight offers for JFK to LAX
2026-02-11 23:07:35,271 - INFO - Searching flights from LAX to JFK on 2026-03-18
2026-02-11 23:07:39,455 - INFO - Successfully retrieved flight offers for LAX to JFK
2026-02-11 23:07:39,566 - INFO - Searching flights from ORD to LAX on 2026-03-18
2026-02-11 23:07:47,625 - INFO - Successfully retrieved flight offers for ORD to LAX
2026-02-11 23:07:47,737 - INFO - Searching flights from LAX to ORD on 2026-03-18
2026-02-11 23:07:51,745 - INFO - Successfully retrieved flight offers for LAX to ORD
2026-02-11 23:07:51,855 - INFO - Searching flights from JFK to LHR on 2026-03-18
2026-02-11 23:07:56,521 - INFO - Successfully retrieved flight offers for JFK to LHR
2026-02-11 23:07:56,632 - INFO - Searching flights from LHR to JFK on 2026-03-18
2026-02-11 23:08:02,959 - INFO - Successfully retrieved flight offers for LHR to JFK
2026-02-11 23:08:03,062 - INFO - Searching flights from ORD to JFK on 2026-03-18
2026-02-11 23:08:05,497 - INFO - Successfully retrieved flight offers for ORD to JFK
2026-02-11 23:08:05,603 - INFO - Searching flights from JFK to ORD on 2026-03-18
2026-02-11 23:08:08,679 - INFO - Successfully retrieved flight offers for JFK to ORD
2026-02-11 23:08:08,783 - INFO - Searching flights from LAX to LHR on 2026-03-18
2026-02-11 23:08:14,274 - INFO - Successfully retrieved flight offers for LAX to LHR
2026-02-11 23:08:14,385 - INFO - Searching flights from LHR to LAX on 2026-03-18
2026-02-11 23:08:21,146 - INFO - Successfully retrieved flight offers for LHR to LAX
2026-02-11 23:08:21,253 - INFO - Searching flights from ATL to DFW on 2026-03-18
2026-02-11 23:08:24,409 - INFO - Successfully retrieved flight offers for ATL to DFW
2026-02-11 23:08:24,520 - INFO - Searching flights from DFW to ATL on 2026-03-18
2026-02-11 23:08:28,214 - INFO - Successfully retrieved flight offers for DFW to ATL
2026-02-11 23:08:28,317 - INFO - Searching flights from SFO to LAX on 2026-03-18
2026-02-11 23:08:33,728 - INFO - Successfully retrieved flight offers for SFO to LAX
2026-02-11 23:08:33,839 - INFO - Searching flights from LAX to SFO on 2026-03-18
2026-02-11 23:08:37,313 - INFO - Successfully retrieved flight offers for LAX to SFO
2026-02-11 23:08:37,418 - INFO - Processing date: 2026-03-19
2026-02-11 23:08:37,419 - INFO - Searching flights from JFK to LAX on 2026-03-19
2026-02-11 23:08:41,252 - INFO - Successfully retrieved flight offers for JFK to LAX
2026-02-11 23:08:41,363 - INFO - Searching flights from LAX to JFK on 2026-03-19
2026-02-11 23:08:44,770 - INFO - Successfully retrieved flight offers for LAX to JFK
2026-02-11 23:08:44,880 - INFO - Searching flights from ORD to LAX on 2026-03-19
2026-02-11 23:08:52,404 - INFO - Successfully retrieved flight offers for ORD to LAX
2026-02-11 23:08:52,515 - INFO - Searching flights from LAX to ORD on 2026-03-19
2026-02-11 23:08:56,393 - INFO - Successfully retrieved flight offers for LAX to ORD
2026-02-11 23:08:56,505 - INFO - Searching flights from JFK to LHR on 2026-03-19
2026-02-11 23:09:01,326 - INFO - Successfully retrieved flight offers for JFK to LHR
2026-02-11 23:09:01,436 - INFO - Searching flights from LHR to JFK on 2026-03-19
2026-02-11 23:09:07,602 - INFO - Successfully retrieved flight offers for LHR to JFK
2026-02-11 23:09:07,713 - INFO - Searching flights from ORD to JFK on 2026-03-19
2026-02-11 23:09:10,695 - INFO - Successfully retrieved flight offers for ORD to JFK
2026-02-11 23:09:10,807 - INFO - Searching flights from JFK to ORD on 2026-03-19
2026-02-11 23:09:13,151 - INFO - Successfully retrieved flight offers for JFK to ORD
2026-02-11 23:09:13,255 - INFO - Searching flights from LAX to LHR on 2026-03-19
2026-02-11 23:09:18,794 - INFO - Successfully retrieved flight offers for LAX to LHR
2026-02-11 23:09:18,905 - INFO - Searching flights from LHR to LAX on 2026-03-19
2026-02-11 23:09:26,916 - INFO - Successfully retrieved flight offers for LHR to LAX
2026-02-11 23:09:27,027 - INFO - Searching flights from ATL to DFW on 2026-03-19
2026-02-11 23:09:30,104 - INFO - Successfully retrieved flight offers for ATL to DFW
2026-02-11 23:09:30,214 - INFO - Searching flights from DFW to ATL on 2026-03-19
2026-02-11 23:09:33,274 - INFO - Successfully retrieved flight offers for DFW to ATL
2026-02-11 23:09:33,385 - INFO - Searching flights from SFO to LAX on 2026-03-19
2026-02-11 23:09:36,769 - INFO - Successfully retrieved flight offers for SFO to LAX
2026-02-11 23:09:36,880 - INFO - Searching flights from LAX to SFO on 2026-03-19
2026-02-11 23:09:40,842 - INFO - Successfully retrieved flight offers for LAX to SFO
2026-02-11 23:09:40,953 - INFO - Processing date: 2026-03-20
2026-02-11 23:09:40,953 - INFO - Searching flights from JFK to LAX on 2026-03-20
2026-02-11 23:09:43,989 - INFO - Successfully retrieved flight offers for JFK to LAX
2026-02-11 23:09:44,100 - INFO - Searching flights from LAX to JFK on 2026-03-20
2026-02-11 23:09:47,877 - INFO - Successfully retrieved flight offers for LAX to JFK
2026-02-11 23:09:47,988 - INFO - Searching flights from ORD to LAX on 2026-03-20
2026-02-11 23:09:55,758 - INFO - Successfully retrieved flight offers for ORD to LAX
2026-02-11 23:09:55,868 - INFO - Searching flights from LAX to ORD on 2026-03-20
2026-02-11 23:09:59,764 - INFO - Successfully retrieved flight offers for LAX to ORD
2026-02-11 23:09:59,875 - INFO - Searching flights from JFK to LHR on 2026-03-20
2026-02-11 23:10:05,073 - INFO - Successfully retrieved flight offers for JFK to LHR
2026-02-11 23:10:05,183 - INFO - Searching flights from LHR to JFK on 2026-03-20
2026-02-11 23:10:12,340 - INFO - Successfully retrieved flight offers for LHR to JFK
2026-02-11 23:10:12,451 - INFO - Searching flights from ORD to JFK on 2026-03-20
2026-02-11 23:10:15,410 - INFO - Successfully retrieved flight offers for ORD to JFK
2026-02-11 23:10:15,522 - INFO - Searching flights from JFK to ORD on 2026-03-20
2026-02-11 23:10:18,277 - INFO - Successfully retrieved flight offers for JFK to ORD
2026-02-11 23:10:18,388 - INFO - Searching flights from LAX to LHR on 2026-03-20
2026-02-11 23:10:27,027 - INFO - Successfully retrieved flight offers for LAX to LHR
2026-02-11 23:10:27,138 - INFO - Searching flights from LHR to LAX on 2026-03-20
2026-02-11 23:10:33,110 - INFO - Successfully retrieved flight offers for LHR to LAX
2026-02-11 23:10:33,221 - INFO - Searching flights from ATL to DFW on 2026-03-20
2026-02-11 23:10:36,095 - INFO - Successfully retrieved flight offers for ATL to DFW
2026-02-11 23:10:36,206 - INFO - Searching flights from DFW to ATL on 2026-03-20
2026-02-11 23:10:39,783 - INFO - Successfully retrieved flight offers for DFW to ATL
2026-02-11 23:10:39,894 - INFO - Searching flights from SFO to LAX on 2026-03-20
2026-02-11 23:10:43,617 - INFO - Successfully retrieved flight offers for SFO to LAX
2026-02-11 23:10:43,728 - INFO - Searching flights from LAX to SFO on 2026-03-20
2026-02-11 23:10:47,415 - INFO - Successfully retrieved flight offers for LAX to SFO
2026-02-11 23:10:47,526 - INFO - Processing date: 2026-03-21
2026-02-11 23:10:47,526 - INFO - Searching flights from JFK to LAX on 2026-03-21
2026-02-11 23:10:51,377 - INFO - Successfully retrieved flight offers for JFK to LAX
2026-02-11 23:10:51,488 - INFO - Searching flights from LAX to JFK on 2026-03-21
2026-02-11 23:10:55,759 - INFO - Successfully retrieved flight offers for LAX to JFK
2026-02-11 23:10:55,870 - INFO - Searching flights from ORD to LAX on 2026-03-21
2026-02-11 23:11:03,075 - INFO - Successfully retrieved flight offers for ORD to LAX
2026-02-11 23:11:03,184 - INFO - Searching flights from LAX to ORD on 2026-03-21
2026-02-11 23:11:07,334 - INFO - Successfully retrieved flight offers for LAX to ORD
2026-02-11 23:11:07,437 - INFO - Searching flights from JFK to LHR on 2026-03-21
2026-02-11 23:11:12,098 - INFO - Successfully retrieved flight offers for JFK to LHR
2026-02-11 23:11:12,209 - INFO - Searching flights from LHR to JFK on 2026-03-21
2026-02-11 23:11:18,810 - INFO - Successfully retrieved flight offers for LHR to JFK
2026-02-11 23:11:18,921 - INFO - Searching flights from ORD to JFK on 2026-03-21
2026-02-11 23:11:21,494 - INFO - Successfully retrieved flight offers for ORD to JFK
2026-02-11 23:11:21,605 - INFO - Searching flights from JFK to ORD on 2026-03-21
2026-02-11 23:11:24,256 - INFO - Successfully retrieved flight offers for JFK to ORD
2026-02-11 23:11:24,360 - INFO - Searching flights from LAX to LHR on 2026-03-21
2026-02-11 23:11:29,855 - INFO - Successfully retrieved flight offers for LAX to LHR
2026-02-11 23:11:29,966 - INFO - Searching flights from LHR to LAX on 2026-03-21
2026-02-11 23:11:36,258 - INFO - Successfully retrieved flight offers for LHR to LAX
2026-02-11 23:11:36,369 - INFO - Searching flights from ATL to DFW on 2026-03-21
2026-02-11 23:11:39,586 - INFO - Successfully retrieved flight offers for ATL to DFW
2026-02-11 23:11:39,697 - INFO - Searching flights from DFW to ATL on 2026-03-21
2026-02-11 23:11:42,712 - INFO - Successfully retrieved flight offers for DFW to ATL
2026-02-11 23:11:42,823 - INFO - Searching flights from SFO to LAX on 2026-03-21
2026-02-11 23:11:45,875 - INFO - Successfully retrieved flight offers for SFO to LAX
2026-02-11 23:11:45,985 - INFO - Searching flights from LAX to SFO on 2026-03-21
2026-02-11 23:11:49,055 - INFO - Successfully retrieved flight offers for LAX to SFO
2026-02-11 23:11:49,166 - INFO - Processing date: 2026-03-22
2026-02-11 23:11:49,166 - INFO - Searching flights from JFK to LAX on 2026-03-22
2026-02-11 23:11:52,377 - INFO - Successfully retrieved flight offers for JFK to LAX
2026-02-11 23:11:52,488 - INFO - Searching flights from LAX to JFK on 2026-03-22
2026-02-11 23:11:56,177 - INFO - Successfully retrieved flight offers for LAX to JFK
2026-02-11 23:11:56,288 - INFO - Searching flights from ORD to LAX on 2026-03-22
2026-02-11 23:11:59,966 - INFO - Successfully retrieved flight offers for ORD to LAX
2026-02-11 23:12:00,076 - INFO - Searching flights from LAX to ORD on 2026-03-22
2026-02-11 23:12:03,559 - INFO - Successfully retrieved flight offers for LAX to ORD
2026-02-11 23:12:03,667 - INFO - Searching flights from JFK to LHR on 2026-03-22
2026-02-11 23:12:08,922 - INFO - Successfully retrieved flight offers for JFK to LHR
2026-02-11 23:12:09,033 - INFO - Searching flights from LHR to JFK on 2026-03-22
2026-02-11 23:12:16,152 - INFO - Successfully retrieved flight offers for LHR to JFK
2026-02-11 23:12:16,263 - INFO - Searching flights from ORD to JFK on 2026-03-22
2026-02-11 23:12:19,116 - INFO - Successfully retrieved flight offers for ORD to JFK
2026-02-11 23:12:19,220 - INFO - Searching flights from JFK to ORD on 2026-03-22
2026-02-11 23:12:21,933 - INFO - Successfully retrieved flight offers for JFK to ORD
2026-02-11 23:12:22,040 - INFO - Searching flights from LAX to LHR on 2026-03-22
2026-02-11 23:12:27,103 - INFO - Successfully retrieved flight offers for LAX to LHR
2026-02-11 23:12:27,211 - INFO - Searching flights from LHR to LAX on 2026-03-22
2026-02-11 23:12:34,169 - INFO - Successfully retrieved flight offers for LHR to LAX
2026-02-11 23:12:34,280 - INFO - Searching flights from ATL to DFW on 2026-03-22
2026-02-11 23:12:37,366 - INFO - Successfully retrieved flight offers for ATL to DFW
2026-02-11 23:12:37,478 - INFO - Searching flights from DFW to ATL on 2026-03-22
2026-02-11 23:12:40,413 - INFO - Successfully retrieved flight offers for DFW to ATL
2026-02-11 23:12:40,524 - INFO - Searching flights from SFO to LAX on 2026-03-22
2026-02-11 23:12:44,375 - INFO - Successfully retrieved flight offers for SFO to LAX
2026-02-11 23:12:44,487 - INFO - Searching flights from LAX to SFO on 2026-03-22
2026-02-11 23:12:48,606 - INFO - Successfully retrieved flight offers for LAX to SFO
2026-02-11 23:12:48,717 - INFO - Processing date: 2026-03-23
2026-02-11 23:12:48,717 - INFO - Searching flights from JFK to LAX on 2026-03-23
2026-02-11 23:12:52,437 - INFO - Successfully retrieved flight offers for JFK to LAX
2026-02-11 23:12:52,549 - INFO - Searching flights from LAX to JFK on 2026-03-23
2026-02-11 23:12:56,900 - INFO - Successfully retrieved flight offers for LAX to JFK
2026-02-11 23:12:57,009 - INFO - Searching flights from ORD to LAX on 2026-03-23
2026-02-11 23:13:04,181 - INFO - Successfully retrieved flight offers for ORD to LAX
2026-02-11 23:13:04,292 - INFO - Searching flights from LAX to ORD on 2026-03-23
2026-02-11 23:13:08,884 - INFO - Successfully retrieved flight offers for LAX to ORD
2026-02-11 23:13:08,995 - INFO - Searching flights from JFK to LHR on 2026-03-23
2026-02-11 23:13:13,406 - INFO - Successfully retrieved flight offers for JFK to LHR
2026-02-11 23:13:13,517 - INFO - Searching flights from LHR to JFK on 2026-03-23
2026-02-11 23:13:20,494 - INFO - Successfully retrieved flight offers for LHR to JFK
2026-02-11 23:13:20,605 - INFO - Searching flights from ORD to JFK on 2026-03-23
2026-02-11 23:13:23,003 - INFO - Successfully retrieved flight offers for ORD to JFK
2026-02-11 23:13:23,114 - INFO - Searching flights from JFK to ORD on 2026-03-23
2026-02-11 23:13:25,978 - INFO - Successfully retrieved flight offers for JFK to ORD
2026-02-11 23:13:26,081 - INFO - Searching flights from LAX to LHR on 2026-03-23
2026-02-11 23:13:30,871 - INFO - Successfully retrieved flight offers for LAX to LHR
2026-02-11 23:13:30,982 - INFO - Searching flights from LHR to LAX on 2026-03-23
2026-02-11 23:13:36,488 - INFO - Successfully retrieved flight offers for LHR to LAX
2026-02-11 23:13:36,594 - INFO - Searching flights from ATL to DFW on 2026-03-23
2026-02-11 23:13:39,598 - INFO - Successfully retrieved flight offers for ATL to DFW
2026-02-11 23:13:39,705 - INFO - Searching flights from DFW to ATL on 2026-03-23
2026-02-11 23:13:42,663 - INFO - Successfully retrieved flight offers for DFW to ATL
2026-02-11 23:13:42,771 - INFO - Searching flights from SFO to LAX on 2026-03-23
2026-02-11 23:13:46,809 - INFO - Successfully retrieved flight offers for SFO to LAX
2026-02-11 23:13:46,920 - INFO - Searching flights from LAX to SFO on 2026-03-23
2026-02-11 23:13:50,762 - INFO - Successfully retrieved flight offers for LAX to SFO
2026-02-11 23:13:50,874 - INFO - Processing date: 2026-03-24
2026-02-11 23:13:50,874 - INFO - Searching flights from JFK to LAX on 2026-03-24
2026-02-11 23:13:54,215 - INFO - Successfully retrieved flight offers for JFK to LAX
2026-02-11 23:13:54,326 - INFO - Searching flights from LAX to JFK on 2026-03-24
2026-02-11 23:13:59,032 - INFO - Successfully retrieved flight offers for LAX to JFK
2026-02-11 23:13:59,142 - INFO - Searching flights from ORD to LAX on 2026-03-24
2026-02-11 23:14:06,605 - INFO - Successfully retrieved flight offers for ORD to LAX
2026-02-11 23:14:06,717 - INFO - Searching flights from LAX to ORD on 2026-03-24
2026-02-11 23:14:10,938 - INFO - Successfully retrieved flight offers for LAX to ORD
2026-02-11 23:14:11,049 - INFO - Searching flights from JFK to LHR on 2026-03-24
2026-02-11 23:14:15,445 - INFO - Successfully retrieved flight offers for JFK to LHR
2026-02-11 23:14:15,556 - INFO - Searching flights from LHR to JFK on 2026-03-24
2026-02-11 23:14:21,573 - INFO - Successfully retrieved flight offers for LHR to JFK
2026-02-11 23:14:21,684 - INFO - Searching flights from ORD to JFK on 2026-03-24
2026-02-11 23:14:24,653 - INFO - Successfully retrieved flight offers for ORD to JFK
2026-02-11 23:14:24,763 - INFO - Searching flights from JFK to ORD on 2026-03-24
2026-02-11 23:14:27,214 - INFO - Successfully retrieved flight offers for JFK to ORD
2026-02-11 23:14:27,323 - INFO - Searching flights from LAX to LHR on 2026-03-24
2026-02-11 23:14:36,238 - INFO - Successfully retrieved flight offers for LAX to LHR
2026-02-11 23:14:36,346 - INFO - Searching flights from LHR to LAX on 2026-03-24
2026-02-11 23:14:45,754 - INFO - Successfully retrieved flight offers for LHR to LAX
2026-02-11 23:14:45,866 - INFO - Searching flights from ATL to DFW on 2026-03-24
2026-02-11 23:14:49,131 - INFO - Successfully retrieved flight offers for ATL to DFW
2026-02-11 23:14:49,237 - INFO - Searching flights from DFW to ATL on 2026-03-24
2026-02-11 23:14:52,159 - INFO - Successfully retrieved flight offers for DFW to ATL
2026-02-11 23:14:52,269 - INFO - Searching flights from SFO to LAX on 2026-03-24
2026-02-11 23:14:55,448 - INFO - Successfully retrieved flight offers for SFO to LAX
2026-02-11 23:14:55,555 - INFO - Searching flights from LAX to SFO on 2026-03-24
2026-02-11 23:14:59,269 - INFO - Successfully retrieved flight offers for LAX to SFO
2026-02-11 23:14:59,381 - INFO - Processing date: 2026-03-25
2026-02-11 23:14:59,381 - INFO - Searching flights from JFK to LAX on 2026-03-25
2026-02-11 23:15:02,941 - INFO - Successfully retrieved flight offers for JFK to LAX
2026-02-11 23:15:03,052 - INFO - Searching flights from LAX to JFK on 2026-03-25
2026-02-11 23:15:06,256 - INFO - Successfully retrieved flight offers for LAX to JFK
2026-02-11 23:15:06,368 - INFO - Searching flights from ORD to LAX on 2026-03-25
2026-02-11 23:15:13,420 - INFO - Successfully retrieved flight offers for ORD to LAX
2026-02-11 23:15:13,522 - INFO - Searching flights from LAX to ORD on 2026-03-25
2026-02-11 23:15:17,110 - INFO - Successfully retrieved flight offers for LAX to ORD
2026-02-11 23:15:17,221 - INFO - Searching flights from JFK to LHR on 2026-03-25
2026-02-11 23:15:22,106 - INFO - Successfully retrieved flight offers for JFK to LHR
2026-02-11 23:15:22,218 - INFO - Searching flights from LHR to JFK on 2026-03-25
2026-02-11 23:15:29,205 - INFO - Successfully retrieved flight offers for LHR to JFK
2026-02-11 23:15:29,316 - INFO - Searching flights from ORD to JFK on 2026-03-25
2026-02-11 23:15:32,138 - INFO - Successfully retrieved flight offers for ORD to JFK
2026-02-11 23:15:32,243 - INFO - Searching flights from JFK to ORD on 2026-03-25
2026-02-11 23:15:34,839 - INFO - Successfully retrieved flight offers for JFK to ORD
2026-02-11 23:15:34,948 - INFO - Searching flights from LAX to LHR on 2026-03-25
2026-02-11 23:15:43,448 - INFO - Successfully retrieved flight offers for LAX to LHR
2026-02-11 23:15:43,559 - INFO - Searching flights from LHR to LAX on 2026-03-25
2026-02-11 23:15:49,771 - INFO - Successfully retrieved flight offers for LHR to LAX
2026-02-11 23:15:49,882 - INFO - Searching flights from ATL to DFW on 2026-03-25
2026-02-11 23:15:53,337 - INFO - Successfully retrieved flight offers for ATL to DFW
2026-02-11 23:15:53,448 - INFO - Searching flights from DFW to ATL on 2026-03-25
2026-02-11 23:15:57,023 - INFO - Successfully retrieved flight offers for DFW to ATL
2026-02-11 23:15:57,134 - INFO - Searching flights from SFO to LAX on 2026-03-25
2026-02-11 23:16:00,800 - INFO - Successfully retrieved flight offers for SFO to LAX
2026-02-11 23:16:00,911 - INFO - Searching flights from LAX to SFO on 2026-03-25
2026-02-11 23:16:05,318 - INFO - Successfully retrieved flight offers for LAX to SFO
2026-02-11 23:16:05,430 - INFO - Processing date: 2026-03-26
2026-02-11 23:16:05,430 - INFO - Searching flights from JFK to LAX on 2026-03-26
2026-02-11 23:16:09,617 - INFO - Successfully retrieved flight offers for JFK to LAX
2026-02-11 23:16:09,723 - INFO - Searching flights from LAX to JFK on 2026-03-26
2026-02-11 23:16:13,409 - INFO - Successfully retrieved flight offers for LAX to JFK
2026-02-11 23:16:13,511 - INFO - Searching flights from ORD to LAX on 2026-03-26
2026-02-11 23:16:20,891 - INFO - Successfully retrieved flight offers for ORD to LAX
2026-02-11 23:16:20,997 - INFO - Searching flights from LAX to ORD on 2026-03-26
2026-02-11 23:16:24,276 - INFO - Successfully retrieved flight offers for LAX to ORD
2026-02-11 23:16:24,382 - INFO - Searching flights from JFK to LHR on 2026-03-26
2026-02-11 23:16:29,070 - INFO - Successfully retrieved flight offers for JFK to LHR
2026-02-11 23:16:29,171 - INFO - Searching flights from LHR to JFK on 2026-03-26
2026-02-11 23:16:35,995 - INFO - Successfully retrieved flight offers for LHR to JFK
2026-02-11 23:16:36,101 - INFO - Searching flights from ORD to JFK on 2026-03-26
2026-02-11 23:16:38,688 - INFO - Successfully retrieved flight offers for ORD to JFK
2026-02-11 23:16:38,794 - INFO - Searching flights from JFK to ORD on 2026-03-26
2026-02-11 23:16:41,013 - INFO - Successfully retrieved flight offers for JFK to ORD
2026-02-11 23:16:41,119 - INFO - Searching flights from LAX to LHR on 2026-03-26
2026-02-11 23:16:45,806 - INFO - Successfully retrieved flight offers for LAX to LHR
2026-02-11 23:16:45,910 - INFO - Searching flights from LHR to LAX on 2026-03-26
2026-02-11 23:16:52,689 - INFO - Successfully retrieved flight offers for LHR to LAX
2026-02-11 23:16:52,790 - INFO - Searching flights from ATL to DFW on 2026-03-26
2026-02-11 23:16:56,137 - INFO - Successfully retrieved flight offers for ATL to DFW
2026-02-11 23:16:56,242 - INFO - Searching flights from DFW to ATL on 2026-03-26
2026-02-11 23:16:59,493 - INFO - Successfully retrieved flight offers for DFW to ATL
2026-02-11 23:16:59,599 - INFO - Searching flights from SFO to LAX on 2026-03-26
2026-02-11 23:17:03,061 - INFO - Successfully retrieved flight offers for SFO to LAX
2026-02-11 23:17:03,167 - INFO - Searching flights from LAX to SFO on 2026-03-26
2026-02-11 23:17:06,661 - INFO - Successfully retrieved flight offers for LAX to SFO
2026-02-11 23:17:06,763 - INFO - Processing date: 2026-03-27
2026-02-11 23:17:06,763 - INFO - Searching flights from JFK to LAX on 2026-03-27
2026-02-11 23:17:10,445 - INFO - Successfully retrieved flight offers for JFK to LAX
2026-02-11 23:17:10,551 - INFO - Searching flights from LAX to JFK on 2026-03-27
2026-02-11 23:17:13,969 - INFO - Successfully retrieved flight offers for LAX to JFK
2026-02-11 23:17:14,074 - INFO - Searching flights from ORD to LAX on 2026-03-27
2026-02-11 23:17:21,278 - INFO - Successfully retrieved flight offers for ORD to LAX
2026-02-11 23:17:21,384 - INFO - Searching flights from LAX to ORD on 2026-03-27
2026-02-11 23:17:25,158 - INFO - Successfully retrieved flight offers for LAX to ORD
2026-02-11 23:17:25,264 - INFO - Searching flights from JFK to LHR on 2026-03-27
2026-02-11 23:17:29,985 - INFO - Successfully retrieved flight offers for JFK to LHR
2026-02-11 23:17:30,092 - INFO - Searching flights from LHR to JFK on 2026-03-27
2026-02-11 23:17:35,903 - INFO - Successfully retrieved flight offers for LHR to JFK
2026-02-11 23:17:36,008 - INFO - Searching flights from ORD to JFK on 2026-03-27
2026-02-11 23:17:38,605 - INFO - Successfully retrieved flight offers for ORD to JFK
2026-02-11 23:17:38,709 - INFO - Searching flights from JFK to ORD on 2026-03-27
2026-02-11 23:17:41,472 - INFO - Successfully retrieved flight offers for JFK to ORD
2026-02-11 23:17:41,576 - INFO - Searching flights from LAX to LHR on 2026-03-27
2026-02-11 23:17:46,285 - INFO - Successfully retrieved flight offers for LAX to LHR
2026-02-11 23:17:46,389 - INFO - Searching flights from LHR to LAX on 2026-03-27
2026-02-11 23:17:53,208 - INFO - Successfully retrieved flight offers for LHR to LAX
2026-02-11 23:17:53,312 - INFO - Searching flights from ATL to DFW on 2026-03-27
2026-02-11 23:17:55,987 - INFO - Successfully retrieved flight offers for ATL to DFW
2026-02-11 23:17:56,093 - INFO - Searching flights from DFW to ATL on 2026-03-27
2026-02-11 23:17:59,187 - INFO - Successfully retrieved flight offers for DFW to ATL
2026-02-11 23:17:59,293 - INFO - Searching flights from SFO to LAX on 2026-03-27
2026-02-11 23:18:02,672 - INFO - Successfully retrieved flight offers for SFO to LAX
2026-02-11 23:18:02,778 - INFO - Searching flights from LAX to SFO on 2026-03-27
2026-02-11 23:18:06,562 - INFO - Successfully retrieved flight offers for LAX to SFO
2026-02-11 23:18:06,668 - INFO - Processing date: 2026-03-28
2026-02-11 23:18:06,669 - INFO - Searching flights from JFK to LAX on 2026-03-28
2026-02-11 23:18:10,353 - INFO - Successfully retrieved flight offers for JFK to LAX
2026-02-11 23:18:10,459 - INFO - Searching flights from LAX to JFK on 2026-03-28
2026-02-11 23:18:14,344 - INFO - Successfully retrieved flight offers for LAX to JFK
2026-02-11 23:18:14,447 - INFO - Searching flights from ORD to LAX on 2026-03-28
2026-02-11 23:18:22,273 - INFO - Successfully retrieved flight offers for ORD to LAX
2026-02-11 23:18:22,379 - INFO - Searching flights from LAX to ORD on 2026-03-28
2026-02-11 23:18:26,878 - INFO - Successfully retrieved flight offers for LAX to ORD
2026-02-11 23:18:26,984 - INFO - Searching flights from JFK to LHR on 2026-03-28
2026-02-11 23:18:31,754 - INFO - Successfully retrieved flight offers for JFK to LHR
2026-02-11 23:18:31,860 - INFO - Searching flights from LHR to JFK on 2026-03-28
2026-02-11 23:18:39,244 - INFO - Successfully retrieved flight offers for LHR to JFK
2026-02-11 23:18:39,350 - INFO - Searching flights from ORD to JFK on 2026-03-28
2026-02-11 23:18:42,219 - INFO - Successfully retrieved flight offers for ORD to JFK
2026-02-11 23:18:42,321 - INFO - Searching flights from JFK to ORD on 2026-03-28
2026-02-11 23:18:44,712 - INFO - Successfully retrieved flight offers for JFK to ORD
2026-02-11 23:18:44,815 - INFO - Searching flights from LAX to LHR on 2026-03-28
2026-02-11 23:18:49,974 - INFO - Successfully retrieved flight offers for LAX to LHR
2026-02-11 23:18:50,080 - INFO - Searching flights from LHR to LAX on 2026-03-28
2026-02-11 23:18:57,046 - INFO - Successfully retrieved flight offers for LHR to LAX
2026-02-11 23:18:57,151 - INFO - Searching flights from ATL to DFW on 2026-03-28
2026-02-11 23:19:00,030 - INFO - Successfully retrieved flight offers for ATL to DFW
2026-02-11 23:19:00,136 - INFO - Searching flights from DFW to ATL on 2026-03-28
2026-02-11 23:19:03,118 - INFO - Successfully retrieved flight offers for DFW to ATL
2026-02-11 23:19:03,224 - INFO - Searching flights from SFO to LAX on 2026-03-28
2026-02-11 23:19:07,284 - INFO - Successfully retrieved flight offers for SFO to LAX
2026-02-11 23:19:07,390 - INFO - Searching flights from LAX to SFO on 2026-03-28
2026-02-11 23:19:11,120 - INFO - Successfully retrieved flight offers for LAX to SFO
2026-02-11 23:19:11,226 - INFO - Processing date: 2026-03-29
2026-02-11 23:19:11,227 - INFO - Searching flights from JFK to LAX on 2026-03-29
2026-02-11 23:19:14,963 - INFO - Successfully retrieved flight offers for JFK to LAX
2026-02-11 23:19:15,067 - INFO - Searching flights from LAX to JFK on 2026-03-29
2026-02-11 23:19:18,503 - INFO - Successfully retrieved flight offers for LAX to JFK
2026-02-11 23:19:18,608 - INFO - Searching flights from ORD to LAX on 2026-03-29
2026-02-11 23:19:26,729 - INFO - Successfully retrieved flight offers for ORD to LAX
2026-02-11 23:19:26,833 - INFO - Searching flights from LAX to ORD on 2026-03-29
2026-02-11 23:19:30,564 - INFO - Successfully retrieved flight offers for LAX to ORD
2026-02-11 23:19:30,666 - INFO - Searching flights from JFK to LHR on 2026-03-29
2026-02-11 23:19:35,297 - INFO - Successfully retrieved flight offers for JFK to LHR
2026-02-11 23:19:35,403 - INFO - Searching flights from LHR to JFK on 2026-03-29
2026-02-11 23:19:42,209 - INFO - Successfully retrieved flight offers for LHR to JFK
2026-02-11 23:19:42,314 - INFO - Searching flights from ORD to JFK on 2026-03-29
2026-02-11 23:19:45,173 - INFO - Successfully retrieved flight offers for ORD to JFK
2026-02-11 23:19:45,280 - INFO - Searching flights from JFK to ORD on 2026-03-29
2026-02-11 23:19:47,875 - INFO - Successfully retrieved flight offers for JFK to ORD
2026-02-11 23:19:47,978 - INFO - Searching flights from LAX to LHR on 2026-03-29
2026-02-11 23:19:52,521 - INFO - Successfully retrieved flight offers for LAX to LHR
2026-02-11 23:19:52,627 - INFO - Searching flights from LHR to LAX on 2026-03-29
2026-02-11 23:19:58,381 - INFO - Successfully retrieved flight offers for LHR to LAX
2026-02-11 23:19:58,485 - INFO - Searching flights from ATL to DFW on 2026-03-29
2026-02-11 23:20:01,328 - INFO - Successfully retrieved flight offers for ATL to DFW
2026-02-11 23:20:01,434 - INFO - Searching flights from DFW to ATL on 2026-03-29
2026-02-11 23:20:04,790 - INFO - Successfully retrieved flight offers for DFW to ATL
2026-02-11 23:20:04,892 - INFO - Searching flights from SFO to LAX on 2026-03-29
2026-02-11 23:20:08,127 - INFO - Successfully retrieved flight offers for SFO to LAX
2026-02-11 23:20:08,234 - INFO - Searching flights from LAX to SFO on 2026-03-29
2026-02-11 23:20:12,052 - INFO - Successfully retrieved flight offers for LAX to SFO
2026-02-11 23:20:12,158 - INFO - Processing date: 2026-03-30
2026-02-11 23:20:12,158 - INFO - Searching flights from JFK to LAX on 2026-03-30
2026-02-11 23:20:15,892 - INFO - Successfully retrieved flight offers for JFK to LAX
2026-02-11 23:20:15,998 - INFO - Searching flights from LAX to JFK on 2026-03-30
2026-02-11 23:20:19,696 - INFO - Successfully retrieved flight offers for LAX to JFK
2026-02-11 23:20:19,799 - INFO - Searching flights from ORD to LAX on 2026-03-30
2026-02-11 23:20:27,671 - INFO - Successfully retrieved flight offers for ORD to LAX
2026-02-11 23:20:27,777 - INFO - Searching flights from LAX to ORD on 2026-03-30
2026-02-11 23:20:31,642 - INFO - Successfully retrieved flight offers for LAX to ORD
2026-02-11 23:20:31,748 - INFO - Searching flights from JFK to LHR on 2026-03-30
2026-02-11 23:20:36,599 - INFO - Successfully retrieved flight offers for JFK to LHR
2026-02-11 23:20:36,703 - INFO - Searching flights from LHR to JFK on 2026-03-30
2026-02-11 23:20:42,874 - INFO - Successfully retrieved flight offers for LHR to JFK
2026-02-11 23:20:42,980 - INFO - Searching flights from ORD to JFK on 2026-03-30
2026-02-11 23:20:45,759 - INFO - Successfully retrieved flight offers for ORD to JFK
2026-02-11 23:20:45,864 - INFO - Searching flights from JFK to ORD on 2026-03-30
2026-02-11 23:20:48,002 - INFO - Successfully retrieved flight offers for JFK to ORD
2026-02-11 23:20:48,104 - INFO - Searching flights from LAX to LHR on 2026-03-30
2026-02-11 23:20:53,718 - INFO - Successfully retrieved flight offers for LAX to LHR
2026-02-11 23:20:53,823 - INFO - Searching flights from LHR to LAX on 2026-03-30
2026-02-11 23:21:03,048 - INFO - Successfully retrieved flight offers for LHR to LAX
2026-02-11 23:21:03,151 - INFO - Searching flights from ATL to DFW on 2026-03-30
2026-02-11 23:21:06,994 - INFO - Successfully retrieved flight offers for ATL to DFW
2026-02-11 23:21:07,097 - INFO - Searching flights from DFW to ATL on 2026-03-30
2026-02-11 23:21:09,962 - INFO - Successfully retrieved flight offers for DFW to ATL
2026-02-11 23:21:10,067 - INFO - Searching flights from SFO to LAX on 2026-03-30
2026-02-11 23:21:13,993 - INFO - Successfully retrieved flight offers for SFO to LAX
2026-02-11 23:21:14,099 - INFO - Searching flights from LAX to SFO on 2026-03-30
2026-02-11 23:21:17,252 - INFO - Successfully retrieved flight offers for LAX to SFO
2026-02-11 23:21:17,358 - INFO - Processing date: 2026-03-31
2026-02-11 23:21:17,359 - INFO - Searching flights from JFK to LAX on 2026-03-31
2026-02-11 23:21:21,444 - INFO - Successfully retrieved flight offers for JFK to LAX
2026-02-11 23:21:21,545 - INFO - Searching flights from LAX to JFK on 2026-03-31
2026-02-11 23:21:25,125 - INFO - Successfully retrieved flight offers for LAX to JFK
2026-02-11 23:21:25,231 - INFO - Searching flights from ORD to LAX on 2026-03-31
2026-02-11 23:21:32,256 - INFO - Successfully retrieved flight offers for ORD to LAX
2026-02-11 23:21:32,365 - INFO - Searching flights from LAX to ORD on 2026-03-31
2026-02-11 23:21:36,551 - INFO - Successfully retrieved flight offers for LAX to ORD
2026-02-11 23:21:36,661 - INFO - Searching flights from JFK to LHR on 2026-03-31
2026-02-11 23:21:40,962 - INFO - Successfully retrieved flight offers for JFK to LHR
2026-02-11 23:21:41,068 - INFO - Searching flights from LHR to JFK on 2026-03-31
2026-02-11 23:21:47,957 - INFO - Successfully retrieved flight offers for LHR to JFK
2026-02-11 23:21:48,068 - INFO - Searching flights from ORD to JFK on 2026-03-31
2026-02-11 23:21:51,035 - INFO - Successfully retrieved flight offers for ORD to JFK
2026-02-11 23:21:51,137 - INFO - Searching flights from JFK to ORD on 2026-03-31
2026-02-11 23:21:53,584 - INFO - Successfully retrieved flight offers for JFK to ORD
2026-02-11 23:21:53,687 - INFO - Searching flights from LAX to LHR on 2026-03-31
2026-02-11 23:21:58,643 - INFO - Successfully retrieved flight offers for LAX to LHR
2026-02-11 23:21:58,750 - INFO - Searching flights from LHR to LAX on 2026-03-31
2026-02-11 23:22:04,648 - INFO - Successfully retrieved flight offers for LHR to LAX
2026-02-11 23:22:04,759 - INFO - Searching flights from ATL to DFW on 2026-03-31
2026-02-11 23:22:07,717 - INFO - Successfully retrieved flight offers for ATL to DFW
2026-02-11 23:22:07,829 - INFO - Searching flights from DFW to ATL on 2026-03-31
2026-02-11 23:22:10,990 - INFO - Successfully retrieved flight offers for DFW to ATL
2026-02-11 23:22:11,101 - INFO - Searching flights from SFO to LAX on 2026-03-31
2026-02-11 23:22:14,680 - INFO - Successfully retrieved flight offers for SFO to LAX
2026-02-11 23:22:14,790 - INFO - Searching flights from LAX to SFO on 2026-03-31
2026-02-11 23:22:18,273 - INFO - Successfully retrieved flight offers for LAX to SFO
2026-02-11 23:22:18,477 - INFO - Successfully wrote 52529 flight records to flight_data_batch.csv
2026-02-11 23:22:18,477 - INFO - Batch collection completed. Collected 52529 flight records.
